<?xml version="1.0" encoding="UTF-8"?>
<testsuite xmlns:xsi="http://www.w3.org/2001/XMLSchema-instance" xsi:noNamespaceSchemaLocation="https://maven.apache.org/surefire/maven-surefire-plugin/xsd/surefire-test-report-3.0.xsd" version="3.0" name="com.devtiro.database.controllers.BooksControllerIntegrationTests" time="6.092" tests="11" errors="0" skipped="0" failures="0">
  <properties>
[...]
</properties>
  <testcase name="testThatUpdateBookReturnsUpdatedBook" classname="com.devtiro.database.controllers.BooksControllerIntegrationTests" time="0.068">
    <system-out><![CDATA[2023-09-07T08:07:25.387+02:00  INFO 32008 --- [           main] t.c.s.AnnotationConfigContextLoaderUtils : Could not detect default configuration classes for test class [com.devtiro.database.controllers.BooksControllerIntegrationTests]: BooksControllerIntegrationTests does not declare any static, non-private, non-final, nested classes annotated with @Configuration.
2023-09-07T08:07:25.391+02:00  INFO 32008 --- [           main] .b.t.c.SpringBootTestContextBootstrapper : Found @SpringBootConfiguration com.devtiro.database.BooksApiApplication for test class com.devtiro.database.controllers.BooksControllerIntegrationTests
  ____              _                 _____ _____
 |  _ \            | |          /\   |  __ \_   _|
 | |_) | ___   ___ | | _____   /  \  | |__) || |
 |  _ < / _ \ / _ \| |/ / __| / /\ \ |  ___/ | |
 | |_) | (_) | (_) |   <\__ \/ ____ \| |    _| |_
 |____/ \___/ \___/|_|\_\___/_/    \_\_|   |_____|
==================================================

2023-09-07T08:07:25.446+02:00  INFO 32008 --- [           main] c.d.d.c.BooksControllerIntegrationTests  : Starting BooksControllerIntegrationTests using Java 20.0.2 with PID 32008 (started by andri in C:\Users\andri\Downloads\APi\spring-api)
2023-09-07T08:07:25.446+02:00  INFO 32008 --- [           main] c.d.d.c.BooksControllerIntegrationTests  : No active profile set, falling back to 1 default profile: "default"
2023-09-07T08:07:25.643+02:00  INFO 32008 --- [           main] .s.d.r.c.RepositoryConfigurationDelegate : Bootstrapping Spring Data JPA repositories in DEFAULT mode.
2023-09-07T08:07:25.664+02:00  INFO 32008 --- [           main] .s.d.r.c.RepositoryConfigurationDelegate : Finished Spring Data repository scanning in 21 ms. Found 2 JPA repository interfaces.
2023-09-07T08:07:25.723+02:00  INFO 32008 --- [           main] com.zaxxer.hikari.HikariDataSource       : HikariPool-16 - Starting...
2023-09-07T08:07:25.728+02:00  INFO 32008 --- [           main] com.zaxxer.hikari.pool.HikariPool        : HikariPool-16 - Added connection conn148: url=jdbc:h2:mem:testdb user=SA
2023-09-07T08:07:25.728+02:00  INFO 32008 --- [           main] com.zaxxer.hikari.HikariDataSource       : HikariPool-16 - Start completed.
2023-09-07T08:07:25.728+02:00  INFO 32008 --- [           main] o.hibernate.jpa.internal.util.LogHelper  : HHH000204: Processing PersistenceUnitInfo [name: default]
2023-09-07T08:07:25.734+02:00  INFO 32008 --- [           main] o.h.b.i.BytecodeProviderInitiator        : HHH000021: Bytecode provider name : bytebuddy
2023-09-07T08:07:25.734+02:00  INFO 32008 --- [           main] o.s.o.j.p.SpringPersistenceUnitInfo      : No LoadTimeWeaver setup: ignoring JPA class transformer
2023-09-07T08:07:25.734+02:00  INFO 32008 --- [           main] org.hibernate.orm.dialect                : HHH035001: Using dialect: org.hibernate.dialect.H2Dialect, version: 2.1.214
2023-09-07T08:07:25.747+02:00  INFO 32008 --- [           main] o.h.b.i.BytecodeProviderInitiator        : HHH000021: Bytecode provider name : bytebuddy
2023-09-07T08:07:25.779+02:00  INFO 32008 --- [           main] o.h.e.t.j.p.i.JtaPlatformInitiator       : HHH000490: Using JtaPlatform implementation: [org.hibernate.engine.transaction.jta.platform.internal.NoJtaPlatform]
2023-09-07T08:07:25.784+02:00  INFO 32008 --- [           main] o.h.t.s.i.e.GenerationTargetToDatabase   : HHH000476: Executing script '[injected ScriptSourceInputNonExistentImpl script]'
2023-09-07T08:07:25.785+02:00  INFO 32008 --- [           main] j.LocalContainerEntityManagerFactoryBean : Initialized JPA EntityManagerFactory for persistence unit 'default'
2023-09-07T08:07:25.848+02:00  WARN 32008 --- [           main] JpaBaseConfiguration$JpaWebConfiguration : spring.jpa.open-in-view is enabled by default. Therefore, database queries may be performed during view rendering. Explicitly configure spring.jpa.open-in-view to disable this warning
2023-09-07T08:07:25.936+02:00  INFO 32008 --- [           main] o.s.b.t.m.w.SpringBootMockServletContext : Initializing Spring TestDispatcherServlet ''
2023-09-07T08:07:25.937+02:00  INFO 32008 --- [           main] o.s.t.web.servlet.TestDispatcherServlet  : Initializing Servlet ''
2023-09-07T08:07:25.937+02:00  INFO 32008 --- [           main] o.s.t.web.servlet.TestDispatcherServlet  : Completed initialization in 0 ms
2023-09-07T08:07:25.945+02:00  INFO 32008 --- [           main] c.d.d.c.BooksControllerIntegrationTests  : Started BooksControllerIntegrationTests in 0.547 seconds (process running for 23.587)
2023-09-07T08:07:26.011+02:00  INFO 32008 --- [           main] j.LocalContainerEntityManagerFactoryBean : Closing JPA EntityManagerFactory for persistence unit 'default'
2023-09-07T08:07:26.012+02:00  INFO 32008 --- [           main] .SchemaDropperImpl$DelayedDropActionImpl : HHH000477: Starting delayed evictData of schema as part of SessionFactory shut-down'
2023-09-07T08:07:26.015+02:00  INFO 32008 --- [           main] com.zaxxer.hikari.HikariDataSource       : HikariPool-16 - Shutdown initiated...
2023-09-07T08:07:26.017+02:00  INFO 32008 --- [           main] com.zaxxer.hikari.HikariDataSource       : HikariPool-16 - Shutdown completed.
]]></system-out>
  </testcase>
  <testcase name="testThatPartialUpdateBookReturnsHttpStatus200Ok" classname="com.devtiro.database.controllers.BooksControllerIntegrationTests" time="0.053">
    <system-out><![CDATA[  ____              _                 _____ _____
 |  _ \            | |          /\   |  __ \_   _|
 | |_) | ___   ___ | | _____   /  \  | |__) || |
 |  _ < / _ \ / _ \| |/ / __| / /\ \ |  ___/ | |
 | |_) | (_) | (_) |   <\__ \/ ____ \| |    _| |_
 |____/ \___/ \___/|_|\_\___/_/    \_\_|   |_____|
==================================================

2023-09-07T08:07:26.059+02:00  INFO 32008 --- [           main] c.d.d.c.BooksControllerIntegrationTests  : Starting BooksControllerIntegrationTests using Java 20.0.2 with PID 32008 (started by andri in C:\Users\andri\Downloads\APi\spring-api)
2023-09-07T08:07:26.059+02:00  INFO 32008 --- [           main] c.d.d.c.BooksControllerIntegrationTests  : No active profile set, falling back to 1 default profile: "default"
2023-09-07T08:07:26.253+02:00  INFO 32008 --- [           main] .s.d.r.c.RepositoryConfigurationDelegate : Bootstrapping Spring Data JPA repositories in DEFAULT mode.
2023-09-07T08:07:26.273+02:00  INFO 32008 --- [           main] .s.d.r.c.RepositoryConfigurationDelegate : Finished Spring Data repository scanning in 17 ms. Found 2 JPA repository interfaces.
2023-09-07T08:07:26.344+02:00  INFO 32008 --- [           main] com.zaxxer.hikari.HikariDataSource       : HikariPool-17 - Starting...
2023-09-07T08:07:26.345+02:00  INFO 32008 --- [           main] com.zaxxer.hikari.pool.HikariPool        : HikariPool-17 - Added connection conn158: url=jdbc:h2:mem:testdb user=SA
2023-09-07T08:07:26.345+02:00  INFO 32008 --- [           main] com.zaxxer.hikari.HikariDataSource       : HikariPool-17 - Start completed.
2023-09-07T08:07:26.346+02:00  INFO 32008 --- [           main] o.hibernate.jpa.internal.util.LogHelper  : HHH000204: Processing PersistenceUnitInfo [name: default]
2023-09-07T08:07:26.359+02:00  INFO 32008 --- [           main] o.h.b.i.BytecodeProviderInitiator        : HHH000021: Bytecode provider name : bytebuddy
2023-09-07T08:07:26.359+02:00  INFO 32008 --- [           main] o.s.o.j.p.SpringPersistenceUnitInfo      : No LoadTimeWeaver setup: ignoring JPA class transformer
2023-09-07T08:07:26.362+02:00  INFO 32008 --- [           main] org.hibernate.orm.dialect                : HHH035001: Using dialect: org.hibernate.dialect.H2Dialect, version: 2.1.214
2023-09-07T08:07:26.375+02:00  INFO 32008 --- [           main] o.h.b.i.BytecodeProviderInitiator        : HHH000021: Bytecode provider name : bytebuddy
2023-09-07T08:07:26.413+02:00  INFO 32008 --- [           main] o.h.e.t.j.p.i.JtaPlatformInitiator       : HHH000490: Using JtaPlatform implementation: [org.hibernate.engine.transaction.jta.platform.internal.NoJtaPlatform]
2023-09-07T08:07:26.422+02:00  INFO 32008 --- [           main] o.h.t.s.i.e.GenerationTargetToDatabase   : HHH000476: Executing script '[injected ScriptSourceInputNonExistentImpl script]'
2023-09-07T08:07:26.422+02:00  INFO 32008 --- [           main] j.LocalContainerEntityManagerFactoryBean : Initialized JPA EntityManagerFactory for persistence unit 'default'
2023-09-07T08:07:26.485+02:00  WARN 32008 --- [           main] JpaBaseConfiguration$JpaWebConfiguration : spring.jpa.open-in-view is enabled by default. Therefore, database queries may be performed during view rendering. Explicitly configure spring.jpa.open-in-view to disable this warning
2023-09-07T08:07:26.577+02:00  INFO 32008 --- [           main] o.s.b.t.m.w.SpringBootMockServletContext : Initializing Spring TestDispatcherServlet ''
2023-09-07T08:07:26.577+02:00  INFO 32008 --- [           main] o.s.t.web.servlet.TestDispatcherServlet  : Initializing Servlet ''
2023-09-07T08:07:26.578+02:00  INFO 32008 --- [           main] o.s.t.web.servlet.TestDispatcherServlet  : Completed initialization in 1 ms
2023-09-07T08:07:26.588+02:00  INFO 32008 --- [           main] c.d.d.c.BooksControllerIntegrationTests  : Started BooksControllerIntegrationTests in 0.565 seconds (process running for 24.23)
2023-09-07T08:07:26.639+02:00  INFO 32008 --- [           main] j.LocalContainerEntityManagerFactoryBean : Closing JPA EntityManagerFactory for persistence unit 'default'
2023-09-07T08:07:26.640+02:00  INFO 32008 --- [           main] .SchemaDropperImpl$DelayedDropActionImpl : HHH000477: Starting delayed evictData of schema as part of SessionFactory shut-down'
2023-09-07T08:07:26.643+02:00  INFO 32008 --- [           main] com.zaxxer.hikari.HikariDataSource       : HikariPool-17 - Shutdown initiated...
2023-09-07T08:07:26.645+02:00  INFO 32008 --- [           main] com.zaxxer.hikari.HikariDataSource       : HikariPool-17 - Shutdown completed.
]]></system-out>
  </testcase>
  <testcase name="testThatDeleteExistingBookReturnsHttpStatus204NoContent" classname="com.devtiro.database.controllers.BooksControllerIntegrationTests" time="0.024">
    <system-out><![CDATA[  ____              _                 _____ _____
 |  _ \            | |          /\   |  __ \_   _|
 | |_) | ___   ___ | | _____   /  \  | |__) || |
 |  _ < / _ \ / _ \| |/ / __| / /\ \ |  ___/ | |
 | |_) | (_) | (_) |   <\__ \/ ____ \| |    _| |_
 |____/ \___/ \___/|_|\_\___/_/    \_\_|   |_____|
==================================================

2023-09-07T08:07:26.688+02:00  INFO 32008 --- [           main] c.d.d.c.BooksControllerIntegrationTests  : Starting BooksControllerIntegrationTests using Java 20.0.2 with PID 32008 (started by andri in C:\Users\andri\Downloads\APi\spring-api)
2023-09-07T08:07:26.689+02:00  INFO 32008 --- [           main] c.d.d.c.BooksControllerIntegrationTests  : No active profile set, falling back to 1 default profile: "default"
2023-09-07T08:07:26.939+02:00  INFO 32008 --- [           main] .s.d.r.c.RepositoryConfigurationDelegate : Bootstrapping Spring Data JPA repositories in DEFAULT mode.
2023-09-07T08:07:26.967+02:00  INFO 32008 --- [           main] .s.d.r.c.RepositoryConfigurationDelegate : Finished Spring Data repository scanning in 27 ms. Found 2 JPA repository interfaces.
2023-09-07T08:07:27.052+02:00  INFO 32008 --- [           main] com.zaxxer.hikari.HikariDataSource       : HikariPool-18 - Starting...
2023-09-07T08:07:27.063+02:00  INFO 32008 --- [           main] com.zaxxer.hikari.pool.HikariPool        : HikariPool-18 - Added connection conn168: url=jdbc:h2:mem:testdb user=SA
2023-09-07T08:07:27.063+02:00  INFO 32008 --- [           main] com.zaxxer.hikari.HikariDataSource       : HikariPool-18 - Start completed.
2023-09-07T08:07:27.064+02:00  INFO 32008 --- [           main] o.hibernate.jpa.internal.util.LogHelper  : HHH000204: Processing PersistenceUnitInfo [name: default]
2023-09-07T08:07:27.075+02:00  INFO 32008 --- [           main] o.h.b.i.BytecodeProviderInitiator        : HHH000021: Bytecode provider name : bytebuddy
2023-09-07T08:07:27.075+02:00  INFO 32008 --- [           main] o.s.o.j.p.SpringPersistenceUnitInfo      : No LoadTimeWeaver setup: ignoring JPA class transformer
2023-09-07T08:07:27.077+02:00  INFO 32008 --- [           main] org.hibernate.orm.dialect                : HHH035001: Using dialect: org.hibernate.dialect.H2Dialect, version: 2.1.214
2023-09-07T08:07:27.089+02:00  INFO 32008 --- [           main] o.h.b.i.BytecodeProviderInitiator        : HHH000021: Bytecode provider name : bytebuddy
2023-09-07T08:07:27.127+02:00  INFO 32008 --- [           main] o.h.e.t.j.p.i.JtaPlatformInitiator       : HHH000490: Using JtaPlatform implementation: [org.hibernate.engine.transaction.jta.platform.internal.NoJtaPlatform]
2023-09-07T08:07:27.131+02:00  INFO 32008 --- [           main] o.h.t.s.i.e.GenerationTargetToDatabase   : HHH000476: Executing script '[injected ScriptSourceInputNonExistentImpl script]'
2023-09-07T08:07:27.131+02:00  INFO 32008 --- [           main] j.LocalContainerEntityManagerFactoryBean : Initialized JPA EntityManagerFactory for persistence unit 'default'
2023-09-07T08:07:27.195+02:00  WARN 32008 --- [           main] JpaBaseConfiguration$JpaWebConfiguration : spring.jpa.open-in-view is enabled by default. Therefore, database queries may be performed during view rendering. Explicitly configure spring.jpa.open-in-view to disable this warning
2023-09-07T08:07:27.279+02:00  INFO 32008 --- [           main] o.s.b.t.m.w.SpringBootMockServletContext : Initializing Spring TestDispatcherServlet ''
2023-09-07T08:07:27.279+02:00  INFO 32008 --- [           main] o.s.t.web.servlet.TestDispatcherServlet  : Initializing Servlet ''
2023-09-07T08:07:27.281+02:00  INFO 32008 --- [           main] o.s.t.web.servlet.TestDispatcherServlet  : Completed initialization in 2 ms
2023-09-07T08:07:27.292+02:00  INFO 32008 --- [           main] c.d.d.c.BooksControllerIntegrationTests  : Started BooksControllerIntegrationTests in 0.643 seconds (process running for 24.933)
2023-09-07T08:07:27.315+02:00  INFO 32008 --- [           main] j.LocalContainerEntityManagerFactoryBean : Closing JPA EntityManagerFactory for persistence unit 'default'
2023-09-07T08:07:27.316+02:00  INFO 32008 --- [           main] .SchemaDropperImpl$DelayedDropActionImpl : HHH000477: Starting delayed evictData of schema as part of SessionFactory shut-down'
2023-09-07T08:07:27.317+02:00  INFO 32008 --- [           main] com.zaxxer.hikari.HikariDataSource       : HikariPool-18 - Shutdown initiated...
2023-09-07T08:07:27.319+02:00  INFO 32008 --- [           main] com.zaxxer.hikari.HikariDataSource       : HikariPool-18 - Shutdown completed.
]]></system-out>
  </testcase>
  <testcase name="testThatCreateBookReturnsHttpStatus201Created" classname="com.devtiro.database.controllers.BooksControllerIntegrationTests" time="0.04">
    <system-out><![CDATA[  ____              _                 _____ _____
 |  _ \            | |          /\   |  __ \_   _|
 | |_) | ___   ___ | | _____   /  \  | |__) || |
 |  _ < / _ \ / _ \| |/ / __| / /\ \ |  ___/ | |
 | |_) | (_) | (_) |   <\__ \/ ____ \| |    _| |_
 |____/ \___/ \___/|_|\_\___/_/    \_\_|   |_____|
==================================================

2023-09-07T08:07:27.347+02:00  INFO 32008 --- [           main] c.d.d.c.BooksControllerIntegrationTests  : Starting BooksControllerIntegrationTests using Java 20.0.2 with PID 32008 (started by andri in C:\Users\andri\Downloads\APi\spring-api)
2023-09-07T08:07:27.347+02:00  INFO 32008 --- [           main] c.d.d.c.BooksControllerIntegrationTests  : No active profile set, falling back to 1 default profile: "default"
2023-09-07T08:07:27.507+02:00  INFO 32008 --- [           main] .s.d.r.c.RepositoryConfigurationDelegate : Bootstrapping Spring Data JPA repositories in DEFAULT mode.
2023-09-07T08:07:27.533+02:00  INFO 32008 --- [           main] .s.d.r.c.RepositoryConfigurationDelegate : Finished Spring Data repository scanning in 26 ms. Found 2 JPA repository interfaces.
2023-09-07T08:07:27.602+02:00  INFO 32008 --- [           main] com.zaxxer.hikari.HikariDataSource       : HikariPool-19 - Starting...
2023-09-07T08:07:27.602+02:00  INFO 32008 --- [           main] com.zaxxer.hikari.pool.HikariPool        : HikariPool-19 - Added connection conn178: url=jdbc:h2:mem:testdb user=SA
2023-09-07T08:07:27.602+02:00  INFO 32008 --- [           main] com.zaxxer.hikari.HikariDataSource       : HikariPool-19 - Start completed.
2023-09-07T08:07:27.602+02:00  INFO 32008 --- [           main] o.hibernate.jpa.internal.util.LogHelper  : HHH000204: Processing PersistenceUnitInfo [name: default]
2023-09-07T08:07:27.614+02:00  INFO 32008 --- [           main] o.h.b.i.BytecodeProviderInitiator        : HHH000021: Bytecode provider name : bytebuddy
2023-09-07T08:07:27.614+02:00  INFO 32008 --- [           main] o.s.o.j.p.SpringPersistenceUnitInfo      : No LoadTimeWeaver setup: ignoring JPA class transformer
2023-09-07T08:07:27.616+02:00  INFO 32008 --- [           main] org.hibernate.orm.dialect                : HHH035001: Using dialect: org.hibernate.dialect.H2Dialect, version: 2.1.214
2023-09-07T08:07:27.632+02:00  INFO 32008 --- [           main] o.h.b.i.BytecodeProviderInitiator        : HHH000021: Bytecode provider name : bytebuddy
2023-09-07T08:07:27.670+02:00  INFO 32008 --- [           main] o.h.e.t.j.p.i.JtaPlatformInitiator       : HHH000490: Using JtaPlatform implementation: [org.hibernate.engine.transaction.jta.platform.internal.NoJtaPlatform]
2023-09-07T08:07:27.675+02:00  INFO 32008 --- [           main] o.h.t.s.i.e.GenerationTargetToDatabase   : HHH000476: Executing script '[injected ScriptSourceInputNonExistentImpl script]'
2023-09-07T08:07:27.676+02:00  INFO 32008 --- [           main] j.LocalContainerEntityManagerFactoryBean : Initialized JPA EntityManagerFactory for persistence unit 'default'
2023-09-07T08:07:27.745+02:00  WARN 32008 --- [           main] JpaBaseConfiguration$JpaWebConfiguration : spring.jpa.open-in-view is enabled by default. Therefore, database queries may be performed during view rendering. Explicitly configure spring.jpa.open-in-view to disable this warning
2023-09-07T08:07:27.844+02:00  INFO 32008 --- [           main] o.s.b.t.m.w.SpringBootMockServletContext : Initializing Spring TestDispatcherServlet ''
2023-09-07T08:07:27.844+02:00  INFO 32008 --- [           main] o.s.t.web.servlet.TestDispatcherServlet  : Initializing Servlet ''
2023-09-07T08:07:27.845+02:00  INFO 32008 --- [           main] o.s.t.web.servlet.TestDispatcherServlet  : Completed initialization in 1 ms
2023-09-07T08:07:27.850+02:00  INFO 32008 --- [           main] c.d.d.c.BooksControllerIntegrationTests  : Started BooksControllerIntegrationTests in 0.528 seconds (process running for 25.492)
2023-09-07T08:07:27.886+02:00  INFO 32008 --- [           main] j.LocalContainerEntityManagerFactoryBean : Closing JPA EntityManagerFactory for persistence unit 'default'
2023-09-07T08:07:27.888+02:00  INFO 32008 --- [           main] .SchemaDropperImpl$DelayedDropActionImpl : HHH000477: Starting delayed evictData of schema as part of SessionFactory shut-down'
2023-09-07T08:07:27.890+02:00  INFO 32008 --- [           main] com.zaxxer.hikari.HikariDataSource       : HikariPool-19 - Shutdown initiated...
2023-09-07T08:07:27.894+02:00  INFO 32008 --- [           main] com.zaxxer.hikari.HikariDataSource       : HikariPool-19 - Shutdown completed.
]]></system-out>
  </testcase>
  <testcase name="testThatPartialUpdateBookReturnsUpdatedBook" classname="com.devtiro.database.controllers.BooksControllerIntegrationTests" time="0.04">
    <system-out><![CDATA[  ____              _                 _____ _____
 |  _ \            | |          /\   |  __ \_   _|
 | |_) | ___   ___ | | _____   /  \  | |__) || |
 |  _ < / _ \ / _ \| |/ / __| / /\ \ |  ___/ | |
 | |_) | (_) | (_) |   <\__ \/ ____ \| |    _| |_
 |____/ \___/ \___/|_|\_\___/_/    \_\_|   |_____|
==================================================

2023-09-07T08:07:27.929+02:00  INFO 32008 --- [           main] c.d.d.c.BooksControllerIntegrationTests  : Starting BooksControllerIntegrationTests using Java 20.0.2 with PID 32008 (started by andri in C:\Users\andri\Downloads\APi\spring-api)
2023-09-07T08:07:27.930+02:00  INFO 32008 --- [           main] c.d.d.c.BooksControllerIntegrationTests  : No active profile set, falling back to 1 default profile: "default"
2023-09-07T08:07:28.119+02:00  INFO 32008 --- [           main] .s.d.r.c.RepositoryConfigurationDelegate : Bootstrapping Spring Data JPA repositories in DEFAULT mode.
2023-09-07T08:07:28.139+02:00  INFO 32008 --- [           main] .s.d.r.c.RepositoryConfigurationDelegate : Finished Spring Data repository scanning in 18 ms. Found 2 JPA repository interfaces.
2023-09-07T08:07:28.211+02:00  INFO 32008 --- [           main] com.zaxxer.hikari.HikariDataSource       : HikariPool-20 - Starting...
2023-09-07T08:07:28.211+02:00  INFO 32008 --- [           main] com.zaxxer.hikari.pool.HikariPool        : HikariPool-20 - Added connection conn188: url=jdbc:h2:mem:testdb user=SA
2023-09-07T08:07:28.211+02:00  INFO 32008 --- [           main] com.zaxxer.hikari.HikariDataSource       : HikariPool-20 - Start completed.
2023-09-07T08:07:28.214+02:00  INFO 32008 --- [           main] o.hibernate.jpa.internal.util.LogHelper  : HHH000204: Processing PersistenceUnitInfo [name: default]
2023-09-07T08:07:28.223+02:00  INFO 32008 --- [           main] o.h.b.i.BytecodeProviderInitiator        : HHH000021: Bytecode provider name : bytebuddy
2023-09-07T08:07:28.224+02:00  INFO 32008 --- [           main] o.s.o.j.p.SpringPersistenceUnitInfo      : No LoadTimeWeaver setup: ignoring JPA class transformer
2023-09-07T08:07:28.225+02:00  INFO 32008 --- [           main] org.hibernate.orm.dialect                : HHH035001: Using dialect: org.hibernate.dialect.H2Dialect, version: 2.1.214
2023-09-07T08:07:28.235+02:00  INFO 32008 --- [           main] o.h.b.i.BytecodeProviderInitiator        : HHH000021: Bytecode provider name : bytebuddy
2023-09-07T08:07:28.275+02:00  INFO 32008 --- [           main] o.h.e.t.j.p.i.JtaPlatformInitiator       : HHH000490: Using JtaPlatform implementation: [org.hibernate.engine.transaction.jta.platform.internal.NoJtaPlatform]
2023-09-07T08:07:28.280+02:00  INFO 32008 --- [           main] o.h.t.s.i.e.GenerationTargetToDatabase   : HHH000476: Executing script '[injected ScriptSourceInputNonExistentImpl script]'
2023-09-07T08:07:28.280+02:00  INFO 32008 --- [           main] j.LocalContainerEntityManagerFactoryBean : Initialized JPA EntityManagerFactory for persistence unit 'default'
2023-09-07T08:07:28.341+02:00  WARN 32008 --- [           main] JpaBaseConfiguration$JpaWebConfiguration : spring.jpa.open-in-view is enabled by default. Therefore, database queries may be performed during view rendering. Explicitly configure spring.jpa.open-in-view to disable this warning
2023-09-07T08:07:28.427+02:00  INFO 32008 --- [           main] o.s.b.t.m.w.SpringBootMockServletContext : Initializing Spring TestDispatcherServlet ''
2023-09-07T08:07:28.427+02:00  INFO 32008 --- [           main] o.s.t.web.servlet.TestDispatcherServlet  : Initializing Servlet ''
2023-09-07T08:07:28.428+02:00  INFO 32008 --- [           main] o.s.t.web.servlet.TestDispatcherServlet  : Completed initialization in 1 ms
2023-09-07T08:07:28.433+02:00  INFO 32008 --- [           main] c.d.d.c.BooksControllerIntegrationTests  : Started BooksControllerIntegrationTests in 0.535 seconds (process running for 26.075)
2023-09-07T08:07:28.464+02:00  INFO 32008 --- [           main] j.LocalContainerEntityManagerFactoryBean : Closing JPA EntityManagerFactory for persistence unit 'default'
2023-09-07T08:07:28.465+02:00  INFO 32008 --- [           main] .SchemaDropperImpl$DelayedDropActionImpl : HHH000477: Starting delayed evictData of schema as part of SessionFactory shut-down'
2023-09-07T08:07:28.466+02:00  INFO 32008 --- [           main] com.zaxxer.hikari.HikariDataSource       : HikariPool-20 - Shutdown initiated...
2023-09-07T08:07:28.475+02:00  INFO 32008 --- [           main] com.zaxxer.hikari.HikariDataSource       : HikariPool-20 - Shutdown completed.
]]></system-out>
  </testcase>
  <testcase name="testThatCreateBookReturnsCreatedBook" classname="com.devtiro.database.controllers.BooksControllerIntegrationTests" time="0.037">
    <system-out><![CDATA[  ____              _                 _____ _____
 |  _ \            | |          /\   |  __ \_   _|
 | |_) | ___   ___ | | _____   /  \  | |__) || |
 |  _ < / _ \ / _ \| |/ / __| / /\ \ |  ___/ | |
 | |_) | (_) | (_) |   <\__ \/ ____ \| |    _| |_
 |____/ \___/ \___/|_|\_\___/_/    \_\_|   |_____|
==================================================

2023-09-07T08:07:28.508+02:00  INFO 32008 --- [           main] c.d.d.c.BooksControllerIntegrationTests  : Starting BooksControllerIntegrationTests using Java 20.0.2 with PID 32008 (started by andri in C:\Users\andri\Downloads\APi\spring-api)
2023-09-07T08:07:28.508+02:00  INFO 32008 --- [           main] c.d.d.c.BooksControllerIntegrationTests  : No active profile set, falling back to 1 default profile: "default"
2023-09-07T08:07:28.658+02:00  INFO 32008 --- [           main] .s.d.r.c.RepositoryConfigurationDelegate : Bootstrapping Spring Data JPA repositories in DEFAULT mode.
2023-09-07T08:07:28.672+02:00  INFO 32008 --- [           main] .s.d.r.c.RepositoryConfigurationDelegate : Finished Spring Data repository scanning in 14 ms. Found 2 JPA repository interfaces.
2023-09-07T08:07:28.735+02:00  INFO 32008 --- [           main] com.zaxxer.hikari.HikariDataSource       : HikariPool-21 - Starting...
2023-09-07T08:07:28.736+02:00  INFO 32008 --- [           main] com.zaxxer.hikari.pool.HikariPool        : HikariPool-21 - Added connection conn198: url=jdbc:h2:mem:testdb user=SA
2023-09-07T08:07:28.736+02:00  INFO 32008 --- [           main] com.zaxxer.hikari.HikariDataSource       : HikariPool-21 - Start completed.
2023-09-07T08:07:28.738+02:00  INFO 32008 --- [           main] o.hibernate.jpa.internal.util.LogHelper  : HHH000204: Processing PersistenceUnitInfo [name: default]
2023-09-07T08:07:28.744+02:00  INFO 32008 --- [           main] o.h.b.i.BytecodeProviderInitiator        : HHH000021: Bytecode provider name : bytebuddy
2023-09-07T08:07:28.745+02:00  INFO 32008 --- [           main] o.s.o.j.p.SpringPersistenceUnitInfo      : No LoadTimeWeaver setup: ignoring JPA class transformer
2023-09-07T08:07:28.746+02:00  INFO 32008 --- [           main] org.hibernate.orm.dialect                : HHH035001: Using dialect: org.hibernate.dialect.H2Dialect, version: 2.1.214
2023-09-07T08:07:28.755+02:00  INFO 32008 --- [           main] o.h.b.i.BytecodeProviderInitiator        : HHH000021: Bytecode provider name : bytebuddy
2023-09-07T08:07:28.779+02:00  INFO 32008 --- [           main] o.h.e.t.j.p.i.JtaPlatformInitiator       : HHH000490: Using JtaPlatform implementation: [org.hibernate.engine.transaction.jta.platform.internal.NoJtaPlatform]
2023-09-07T08:07:28.784+02:00  INFO 32008 --- [           main] o.h.t.s.i.e.GenerationTargetToDatabase   : HHH000476: Executing script '[injected ScriptSourceInputNonExistentImpl script]'
2023-09-07T08:07:28.784+02:00  INFO 32008 --- [           main] j.LocalContainerEntityManagerFactoryBean : Initialized JPA EntityManagerFactory for persistence unit 'default'
2023-09-07T08:07:28.823+02:00  WARN 32008 --- [           main] JpaBaseConfiguration$JpaWebConfiguration : spring.jpa.open-in-view is enabled by default. Therefore, database queries may be performed during view rendering. Explicitly configure spring.jpa.open-in-view to disable this warning
2023-09-07T08:07:28.898+02:00  INFO 32008 --- [           main] o.s.b.t.m.w.SpringBootMockServletContext : Initializing Spring TestDispatcherServlet ''
2023-09-07T08:07:28.898+02:00  INFO 32008 --- [           main] o.s.t.web.servlet.TestDispatcherServlet  : Initializing Servlet ''
2023-09-07T08:07:28.899+02:00  INFO 32008 --- [           main] o.s.t.web.servlet.TestDispatcherServlet  : Completed initialization in 1 ms
2023-09-07T08:07:28.904+02:00  INFO 32008 --- [           main] c.d.d.c.BooksControllerIntegrationTests  : Started BooksControllerIntegrationTests in 0.426 seconds (process running for 26.547)
2023-09-07T08:07:28.933+02:00  INFO 32008 --- [           main] j.LocalContainerEntityManagerFactoryBean : Closing JPA EntityManagerFactory for persistence unit 'default'
2023-09-07T08:07:28.933+02:00  INFO 32008 --- [           main] .SchemaDropperImpl$DelayedDropActionImpl : HHH000477: Starting delayed evictData of schema as part of SessionFactory shut-down'
2023-09-07T08:07:28.934+02:00  INFO 32008 --- [           main] com.zaxxer.hikari.HikariDataSource       : HikariPool-21 - Shutdown initiated...
2023-09-07T08:07:28.942+02:00  INFO 32008 --- [           main] com.zaxxer.hikari.HikariDataSource       : HikariPool-21 - Shutdown completed.
]]></system-out>
  </testcase>
  <testcase name="testThatGetBookReturnsHttpStatus200OkWhenBookExists" classname="com.devtiro.database.controllers.BooksControllerIntegrationTests" time="0.031">
    <system-out><![CDATA[  ____              _                 _____ _____
 |  _ \            | |          /\   |  __ \_   _|
 | |_) | ___   ___ | | _____   /  \  | |__) || |
 |  _ < / _ \ / _ \| |/ / __| / /\ \ |  ___/ | |
 | |_) | (_) | (_) |   <\__ \/ ____ \| |    _| |_
 |____/ \___/ \___/|_|\_\___/_/    \_\_|   |_____|
==================================================

2023-09-07T08:07:28.967+02:00  INFO 32008 --- [           main] c.d.d.c.BooksControllerIntegrationTests  : Starting BooksControllerIntegrationTests using Java 20.0.2 with PID 32008 (started by andri in C:\Users\andri\Downloads\APi\spring-api)
2023-09-07T08:07:28.967+02:00  INFO 32008 --- [           main] c.d.d.c.BooksControllerIntegrationTests  : No active profile set, falling back to 1 default profile: "default"
2023-09-07T08:07:29.142+02:00  INFO 32008 --- [           main] .s.d.r.c.RepositoryConfigurationDelegate : Bootstrapping Spring Data JPA repositories in DEFAULT mode.
2023-09-07T08:07:29.160+02:00  INFO 32008 --- [           main] .s.d.r.c.RepositoryConfigurationDelegate : Finished Spring Data repository scanning in 15 ms. Found 2 JPA repository interfaces.
2023-09-07T08:07:29.226+02:00  INFO 32008 --- [           main] com.zaxxer.hikari.HikariDataSource       : HikariPool-22 - Starting...
2023-09-07T08:07:29.227+02:00  INFO 32008 --- [           main] com.zaxxer.hikari.pool.HikariPool        : HikariPool-22 - Added connection conn205: url=jdbc:h2:mem:testdb user=SA
2023-09-07T08:07:29.228+02:00  INFO 32008 --- [           main] com.zaxxer.hikari.HikariDataSource       : HikariPool-22 - Start completed.
2023-09-07T08:07:29.229+02:00  INFO 32008 --- [           main] o.hibernate.jpa.internal.util.LogHelper  : HHH000204: Processing PersistenceUnitInfo [name: default]
2023-09-07T08:07:29.237+02:00  INFO 32008 --- [           main] o.h.b.i.BytecodeProviderInitiator        : HHH000021: Bytecode provider name : bytebuddy
2023-09-07T08:07:29.237+02:00  INFO 32008 --- [           main] o.s.o.j.p.SpringPersistenceUnitInfo      : No LoadTimeWeaver setup: ignoring JPA class transformer
2023-09-07T08:07:29.238+02:00  INFO 32008 --- [           main] org.hibernate.orm.dialect                : HHH035001: Using dialect: org.hibernate.dialect.H2Dialect, version: 2.1.214
2023-09-07T08:07:29.247+02:00  INFO 32008 --- [           main] o.h.b.i.BytecodeProviderInitiator        : HHH000021: Bytecode provider name : bytebuddy
2023-09-07T08:07:29.275+02:00  INFO 32008 --- [           main] o.h.e.t.j.p.i.JtaPlatformInitiator       : HHH000490: Using JtaPlatform implementation: [org.hibernate.engine.transaction.jta.platform.internal.NoJtaPlatform]
2023-09-07T08:07:29.279+02:00  INFO 32008 --- [           main] o.h.t.s.i.e.GenerationTargetToDatabase   : HHH000476: Executing script '[injected ScriptSourceInputNonExistentImpl script]'
2023-09-07T08:07:29.279+02:00  INFO 32008 --- [           main] j.LocalContainerEntityManagerFactoryBean : Initialized JPA EntityManagerFactory for persistence unit 'default'
2023-09-07T08:07:29.322+02:00  WARN 32008 --- [           main] JpaBaseConfiguration$JpaWebConfiguration : spring.jpa.open-in-view is enabled by default. Therefore, database queries may be performed during view rendering. Explicitly configure spring.jpa.open-in-view to disable this warning
2023-09-07T08:07:29.412+02:00  INFO 32008 --- [           main] o.s.b.t.m.w.SpringBootMockServletContext : Initializing Spring TestDispatcherServlet ''
2023-09-07T08:07:29.412+02:00  INFO 32008 --- [           main] o.s.t.web.servlet.TestDispatcherServlet  : Initializing Servlet ''
2023-09-07T08:07:29.413+02:00  INFO 32008 --- [           main] o.s.t.web.servlet.TestDispatcherServlet  : Completed initialization in 1 ms
2023-09-07T08:07:29.419+02:00  INFO 32008 --- [           main] c.d.d.c.BooksControllerIntegrationTests  : Started BooksControllerIntegrationTests in 0.474 seconds (process running for 27.061)
2023-09-07T08:07:29.441+02:00  INFO 32008 --- [           main] j.LocalContainerEntityManagerFactoryBean : Closing JPA EntityManagerFactory for persistence unit 'default'
2023-09-07T08:07:29.442+02:00  INFO 32008 --- [           main] .SchemaDropperImpl$DelayedDropActionImpl : HHH000477: Starting delayed evictData of schema as part of SessionFactory shut-down'
2023-09-07T08:07:29.443+02:00  INFO 32008 --- [           main] com.zaxxer.hikari.HikariDataSource       : HikariPool-22 - Shutdown initiated...
2023-09-07T08:07:29.451+02:00  INFO 32008 --- [           main] com.zaxxer.hikari.HikariDataSource       : HikariPool-22 - Shutdown completed.
]]></system-out>
  </testcase>
  <testcase name="testThatGetBookReturnsHttpStatus404WhenBookDoesntExist" classname="com.devtiro.database.controllers.BooksControllerIntegrationTests" time="0.029">
    <system-out><![CDATA[  ____              _                 _____ _____
 |  _ \            | |          /\   |  __ \_   _|
 | |_) | ___   ___ | | _____   /  \  | |__) || |
 |  _ < / _ \ / _ \| |/ / __| / /\ \ |  ___/ | |
 | |_) | (_) | (_) |   <\__ \/ ____ \| |    _| |_
 |____/ \___/ \___/|_|\_\___/_/    \_\_|   |_____|
==================================================

2023-09-07T08:07:29.480+02:00  INFO 32008 --- [           main] c.d.d.c.BooksControllerIntegrationTests  : Starting BooksControllerIntegrationTests using Java 20.0.2 with PID 32008 (started by andri in C:\Users\andri\Downloads\APi\spring-api)
2023-09-07T08:07:29.481+02:00  INFO 32008 --- [           main] c.d.d.c.BooksControllerIntegrationTests  : No active profile set, falling back to 1 default profile: "default"
2023-09-07T08:07:29.635+02:00  INFO 32008 --- [           main] .s.d.r.c.RepositoryConfigurationDelegate : Bootstrapping Spring Data JPA repositories in DEFAULT mode.
2023-09-07T08:07:29.650+02:00  INFO 32008 --- [           main] .s.d.r.c.RepositoryConfigurationDelegate : Finished Spring Data repository scanning in 15 ms. Found 2 JPA repository interfaces.
2023-09-07T08:07:29.711+02:00  INFO 32008 --- [           main] com.zaxxer.hikari.HikariDataSource       : HikariPool-23 - Starting...
2023-09-07T08:07:29.712+02:00  INFO 32008 --- [           main] com.zaxxer.hikari.pool.HikariPool        : HikariPool-23 - Added connection conn212: url=jdbc:h2:mem:testdb user=SA
2023-09-07T08:07:29.712+02:00  INFO 32008 --- [           main] com.zaxxer.hikari.HikariDataSource       : HikariPool-23 - Start completed.
2023-09-07T08:07:29.714+02:00  INFO 32008 --- [           main] o.hibernate.jpa.internal.util.LogHelper  : HHH000204: Processing PersistenceUnitInfo [name: default]
2023-09-07T08:07:29.721+02:00  INFO 32008 --- [           main] o.h.b.i.BytecodeProviderInitiator        : HHH000021: Bytecode provider name : bytebuddy
2023-09-07T08:07:29.721+02:00  INFO 32008 --- [           main] o.s.o.j.p.SpringPersistenceUnitInfo      : No LoadTimeWeaver setup: ignoring JPA class transformer
2023-09-07T08:07:29.723+02:00  INFO 32008 --- [           main] org.hibernate.orm.dialect                : HHH035001: Using dialect: org.hibernate.dialect.H2Dialect, version: 2.1.214
2023-09-07T08:07:29.731+02:00  INFO 32008 --- [           main] o.h.b.i.BytecodeProviderInitiator        : HHH000021: Bytecode provider name : bytebuddy
2023-09-07T08:07:29.757+02:00  INFO 32008 --- [           main] o.h.e.t.j.p.i.JtaPlatformInitiator       : HHH000490: Using JtaPlatform implementation: [org.hibernate.engine.transaction.jta.platform.internal.NoJtaPlatform]
2023-09-07T08:07:29.763+02:00  INFO 32008 --- [           main] o.h.t.s.i.e.GenerationTargetToDatabase   : HHH000476: Executing script '[injected ScriptSourceInputNonExistentImpl script]'
2023-09-07T08:07:29.763+02:00  INFO 32008 --- [           main] j.LocalContainerEntityManagerFactoryBean : Initialized JPA EntityManagerFactory for persistence unit 'default'
2023-09-07T08:07:29.816+02:00  WARN 32008 --- [           main] JpaBaseConfiguration$JpaWebConfiguration : spring.jpa.open-in-view is enabled by default. Therefore, database queries may be performed during view rendering. Explicitly configure spring.jpa.open-in-view to disable this warning
2023-09-07T08:07:29.894+02:00  INFO 32008 --- [           main] o.s.b.t.m.w.SpringBootMockServletContext : Initializing Spring TestDispatcherServlet ''
2023-09-07T08:07:29.894+02:00  INFO 32008 --- [           main] o.s.t.web.servlet.TestDispatcherServlet  : Initializing Servlet ''
2023-09-07T08:07:29.895+02:00  INFO 32008 --- [           main] o.s.t.web.servlet.TestDispatcherServlet  : Completed initialization in 1 ms
2023-09-07T08:07:29.901+02:00  INFO 32008 --- [           main] c.d.d.c.BooksControllerIntegrationTests  : Started BooksControllerIntegrationTests in 0.445 seconds (process running for 27.542)
2023-09-07T08:07:29.920+02:00  INFO 32008 --- [           main] j.LocalContainerEntityManagerFactoryBean : Closing JPA EntityManagerFactory for persistence unit 'default'
2023-09-07T08:07:29.920+02:00  INFO 32008 --- [           main] .SchemaDropperImpl$DelayedDropActionImpl : HHH000477: Starting delayed evictData of schema as part of SessionFactory shut-down'
2023-09-07T08:07:29.921+02:00  INFO 32008 --- [           main] com.zaxxer.hikari.HikariDataSource       : HikariPool-23 - Shutdown initiated...
2023-09-07T08:07:29.932+02:00  INFO 32008 --- [           main] com.zaxxer.hikari.HikariDataSource       : HikariPool-23 - Shutdown completed.
]]></system-out>
  </testcase>
  <testcase name="testThatUpdateBookReturnsHttpStatus200Ok" classname="com.devtiro.database.controllers.BooksControllerIntegrationTests" time="0.054">
    <system-out><![CDATA[  ____              _                 _____ _____
 |  _ \            | |          /\   |  __ \_   _|
 | |_) | ___   ___ | | _____   /  \  | |__) || |
 |  _ < / _ \ / _ \| |/ / __| / /\ \ |  ___/ | |
 | |_) | (_) | (_) |   <\__ \/ ____ \| |    _| |_
 |____/ \___/ \___/|_|\_\___/_/    \_\_|   |_____|
==================================================

2023-09-07T08:07:29.961+02:00  INFO 32008 --- [           main] c.d.d.c.BooksControllerIntegrationTests  : Starting BooksControllerIntegrationTests using Java 20.0.2 with PID 32008 (started by andri in C:\Users\andri\Downloads\APi\spring-api)
2023-09-07T08:07:29.961+02:00  INFO 32008 --- [           main] c.d.d.c.BooksControllerIntegrationTests  : No active profile set, falling back to 1 default profile: "default"
2023-09-07T08:07:30.116+02:00  INFO 32008 --- [           main] .s.d.r.c.RepositoryConfigurationDelegate : Bootstrapping Spring Data JPA repositories in DEFAULT mode.
2023-09-07T08:07:30.131+02:00  INFO 32008 --- [           main] .s.d.r.c.RepositoryConfigurationDelegate : Finished Spring Data repository scanning in 14 ms. Found 2 JPA repository interfaces.
2023-09-07T08:07:30.186+02:00  INFO 32008 --- [           main] com.zaxxer.hikari.HikariDataSource       : HikariPool-24 - Starting...
2023-09-07T08:07:30.187+02:00  INFO 32008 --- [           main] com.zaxxer.hikari.pool.HikariPool        : HikariPool-24 - Added connection conn220: url=jdbc:h2:mem:testdb user=SA
2023-09-07T08:07:30.188+02:00  INFO 32008 --- [           main] com.zaxxer.hikari.HikariDataSource       : HikariPool-24 - Start completed.
2023-09-07T08:07:30.190+02:00  INFO 32008 --- [           main] o.hibernate.jpa.internal.util.LogHelper  : HHH000204: Processing PersistenceUnitInfo [name: default]
2023-09-07T08:07:30.201+02:00  INFO 32008 --- [           main] o.h.b.i.BytecodeProviderInitiator        : HHH000021: Bytecode provider name : bytebuddy
2023-09-07T08:07:30.201+02:00  INFO 32008 --- [           main] o.s.o.j.p.SpringPersistenceUnitInfo      : No LoadTimeWeaver setup: ignoring JPA class transformer
2023-09-07T08:07:30.202+02:00  INFO 32008 --- [           main] org.hibernate.orm.dialect                : HHH035001: Using dialect: org.hibernate.dialect.H2Dialect, version: 2.1.214
2023-09-07T08:07:30.214+02:00  INFO 32008 --- [           main] o.h.b.i.BytecodeProviderInitiator        : HHH000021: Bytecode provider name : bytebuddy
2023-09-07T08:07:30.243+02:00  INFO 32008 --- [           main] o.h.e.t.j.p.i.JtaPlatformInitiator       : HHH000490: Using JtaPlatform implementation: [org.hibernate.engine.transaction.jta.platform.internal.NoJtaPlatform]
2023-09-07T08:07:30.247+02:00  INFO 32008 --- [           main] o.h.t.s.i.e.GenerationTargetToDatabase   : HHH000476: Executing script '[injected ScriptSourceInputNonExistentImpl script]'
2023-09-07T08:07:30.247+02:00  INFO 32008 --- [           main] j.LocalContainerEntityManagerFactoryBean : Initialized JPA EntityManagerFactory for persistence unit 'default'
2023-09-07T08:07:30.301+02:00  WARN 32008 --- [           main] JpaBaseConfiguration$JpaWebConfiguration : spring.jpa.open-in-view is enabled by default. Therefore, database queries may be performed during view rendering. Explicitly configure spring.jpa.open-in-view to disable this warning
2023-09-07T08:07:30.384+02:00  INFO 32008 --- [           main] o.s.b.t.m.w.SpringBootMockServletContext : Initializing Spring TestDispatcherServlet ''
2023-09-07T08:07:30.384+02:00  INFO 32008 --- [           main] o.s.t.web.servlet.TestDispatcherServlet  : Initializing Servlet ''
2023-09-07T08:07:30.385+02:00  INFO 32008 --- [           main] o.s.t.web.servlet.TestDispatcherServlet  : Completed initialization in 1 ms
2023-09-07T08:07:30.392+02:00  INFO 32008 --- [           main] c.d.d.c.BooksControllerIntegrationTests  : Started BooksControllerIntegrationTests in 0.459 seconds (process running for 28.036)
2023-09-07T08:07:30.433+02:00  INFO 32008 --- [           main] j.LocalContainerEntityManagerFactoryBean : Closing JPA EntityManagerFactory for persistence unit 'default'
2023-09-07T08:07:30.433+02:00  INFO 32008 --- [           main] .SchemaDropperImpl$DelayedDropActionImpl : HHH000477: Starting delayed evictData of schema as part of SessionFactory shut-down'
2023-09-07T08:07:30.434+02:00  INFO 32008 --- [           main] com.zaxxer.hikari.HikariDataSource       : HikariPool-24 - Shutdown initiated...
2023-09-07T08:07:30.445+02:00  INFO 32008 --- [           main] com.zaxxer.hikari.HikariDataSource       : HikariPool-24 - Shutdown completed.
]]></system-out>
  </testcase>
  <testcase name="testThatListBooksReturnsHttpStatus200Ok" classname="com.devtiro.database.controllers.BooksControllerIntegrationTests" time="0.068">
    <system-out><![CDATA[  ____              _                 _____ _____
 |  _ \            | |          /\   |  __ \_   _|
 | |_) | ___   ___ | | _____   /  \  | |__) || |
 |  _ < / _ \ / _ \| |/ / __| / /\ \ |  ___/ | |
 | |_) | (_) | (_) |   <\__ \/ ____ \| |    _| |_
 |____/ \___/ \___/|_|\_\___/_/    \_\_|   |_____|
==================================================

2023-09-07T08:07:30.470+02:00  INFO 32008 --- [           main] c.d.d.c.BooksControllerIntegrationTests  : Starting BooksControllerIntegrationTests using Java 20.0.2 with PID 32008 (started by andri in C:\Users\andri\Downloads\APi\spring-api)
2023-09-07T08:07:30.470+02:00  INFO 32008 --- [           main] c.d.d.c.BooksControllerIntegrationTests  : No active profile set, falling back to 1 default profile: "default"
2023-09-07T08:07:30.628+02:00  INFO 32008 --- [           main] .s.d.r.c.RepositoryConfigurationDelegate : Bootstrapping Spring Data JPA repositories in DEFAULT mode.
2023-09-07T08:07:30.645+02:00  INFO 32008 --- [           main] .s.d.r.c.RepositoryConfigurationDelegate : Finished Spring Data repository scanning in 16 ms. Found 2 JPA repository interfaces.
2023-09-07T08:07:30.697+02:00  INFO 32008 --- [           main] com.zaxxer.hikari.HikariDataSource       : HikariPool-25 - Starting...
2023-09-07T08:07:30.700+02:00  INFO 32008 --- [           main] com.zaxxer.hikari.pool.HikariPool        : HikariPool-25 - Added connection conn230: url=jdbc:h2:mem:testdb user=SA
2023-09-07T08:07:30.700+02:00  INFO 32008 --- [           main] com.zaxxer.hikari.HikariDataSource       : HikariPool-25 - Start completed.
2023-09-07T08:07:30.702+02:00  INFO 32008 --- [           main] o.hibernate.jpa.internal.util.LogHelper  : HHH000204: Processing PersistenceUnitInfo [name: default]
2023-09-07T08:07:30.708+02:00  INFO 32008 --- [           main] o.h.b.i.BytecodeProviderInitiator        : HHH000021: Bytecode provider name : bytebuddy
2023-09-07T08:07:30.708+02:00  INFO 32008 --- [           main] o.s.o.j.p.SpringPersistenceUnitInfo      : No LoadTimeWeaver setup: ignoring JPA class transformer
2023-09-07T08:07:30.708+02:00  INFO 32008 --- [           main] org.hibernate.orm.dialect                : HHH035001: Using dialect: org.hibernate.dialect.H2Dialect, version: 2.1.214
2023-09-07T08:07:30.720+02:00  INFO 32008 --- [           main] o.h.b.i.BytecodeProviderInitiator        : HHH000021: Bytecode provider name : bytebuddy
2023-09-07T08:07:30.752+02:00  INFO 32008 --- [           main] o.h.e.t.j.p.i.JtaPlatformInitiator       : HHH000490: Using JtaPlatform implementation: [org.hibernate.engine.transaction.jta.platform.internal.NoJtaPlatform]
2023-09-07T08:07:30.757+02:00  INFO 32008 --- [           main] o.h.t.s.i.e.GenerationTargetToDatabase   : HHH000476: Executing script '[injected ScriptSourceInputNonExistentImpl script]'
2023-09-07T08:07:30.757+02:00  INFO 32008 --- [           main] j.LocalContainerEntityManagerFactoryBean : Initialized JPA EntityManagerFactory for persistence unit 'default'
2023-09-07T08:07:30.806+02:00  WARN 32008 --- [           main] JpaBaseConfiguration$JpaWebConfiguration : spring.jpa.open-in-view is enabled by default. Therefore, database queries may be performed during view rendering. Explicitly configure spring.jpa.open-in-view to disable this warning
2023-09-07T08:07:30.884+02:00  INFO 32008 --- [           main] o.s.b.t.m.w.SpringBootMockServletContext : Initializing Spring TestDispatcherServlet ''
2023-09-07T08:07:30.884+02:00  INFO 32008 --- [           main] o.s.t.web.servlet.TestDispatcherServlet  : Initializing Servlet ''
2023-09-07T08:07:30.884+02:00  INFO 32008 --- [           main] o.s.t.web.servlet.TestDispatcherServlet  : Completed initialization in 0 ms
2023-09-07T08:07:30.890+02:00  INFO 32008 --- [           main] c.d.d.c.BooksControllerIntegrationTests  : Started BooksControllerIntegrationTests in 0.442 seconds (process running for 28.532)
2023-09-07T08:07:30.953+02:00  INFO 32008 --- [           main] j.LocalContainerEntityManagerFactoryBean : Closing JPA EntityManagerFactory for persistence unit 'default'
2023-09-07T08:07:30.954+02:00  INFO 32008 --- [           main] .SchemaDropperImpl$DelayedDropActionImpl : HHH000477: Starting delayed evictData of schema as part of SessionFactory shut-down'
2023-09-07T08:07:30.955+02:00  INFO 32008 --- [           main] com.zaxxer.hikari.HikariDataSource       : HikariPool-25 - Shutdown initiated...
2023-09-07T08:07:30.961+02:00  INFO 32008 --- [           main] com.zaxxer.hikari.HikariDataSource       : HikariPool-25 - Shutdown completed.
]]></system-out>
  </testcase>
  <testcase name="testThatDeleteNonExistingBookReturnsHttpStatus204NoContent" classname="com.devtiro.database.controllers.BooksControllerIntegrationTests" time="0.019">
    <system-out><![CDATA[  ____              _                 _____ _____
 |  _ \            | |          /\   |  __ \_   _|
 | |_) | ___   ___ | | _____   /  \  | |__) || |
 |  _ < / _ \ / _ \| |/ / __| / /\ \ |  ___/ | |
 | |_) | (_) | (_) |   <\__ \/ ____ \| |    _| |_
 |____/ \___/ \___/|_|\_\___/_/    \_\_|   |_____|
==================================================

2023-09-07T08:07:30.984+02:00  INFO 32008 --- [           main] c.d.d.c.BooksControllerIntegrationTests  : Starting BooksControllerIntegrationTests using Java 20.0.2 with PID 32008 (started by andri in C:\Users\andri\Downloads\APi\spring-api)
2023-09-07T08:07:30.984+02:00  INFO 32008 --- [           main] c.d.d.c.BooksControllerIntegrationTests  : No active profile set, falling back to 1 default profile: "default"
2023-09-07T08:07:31.156+02:00  INFO 32008 --- [           main] .s.d.r.c.RepositoryConfigurationDelegate : Bootstrapping Spring Data JPA repositories in DEFAULT mode.
2023-09-07T08:07:31.172+02:00  INFO 32008 --- [           main] .s.d.r.c.RepositoryConfigurationDelegate : Finished Spring Data repository scanning in 16 ms. Found 2 JPA repository interfaces.
2023-09-07T08:07:31.232+02:00  INFO 32008 --- [           main] com.zaxxer.hikari.HikariDataSource       : HikariPool-26 - Starting...
2023-09-07T08:07:31.232+02:00  INFO 32008 --- [           main] com.zaxxer.hikari.pool.HikariPool        : HikariPool-26 - Added connection conn240: url=jdbc:h2:mem:testdb user=SA
2023-09-07T08:07:31.233+02:00  INFO 32008 --- [           main] com.zaxxer.hikari.HikariDataSource       : HikariPool-26 - Start completed.
2023-09-07T08:07:31.234+02:00  INFO 32008 --- [           main] o.hibernate.jpa.internal.util.LogHelper  : HHH000204: Processing PersistenceUnitInfo [name: default]
2023-09-07T08:07:31.243+02:00  INFO 32008 --- [           main] o.h.b.i.BytecodeProviderInitiator        : HHH000021: Bytecode provider name : bytebuddy
2023-09-07T08:07:31.243+02:00  INFO 32008 --- [           main] o.s.o.j.p.SpringPersistenceUnitInfo      : No LoadTimeWeaver setup: ignoring JPA class transformer
2023-09-07T08:07:31.244+02:00  INFO 32008 --- [           main] org.hibernate.orm.dialect                : HHH035001: Using dialect: org.hibernate.dialect.H2Dialect, version: 2.1.214
2023-09-07T08:07:31.257+02:00  INFO 32008 --- [           main] o.h.b.i.BytecodeProviderInitiator        : HHH000021: Bytecode provider name : bytebuddy
2023-09-07T08:07:31.287+02:00  INFO 32008 --- [           main] o.h.e.t.j.p.i.JtaPlatformInitiator       : HHH000490: Using JtaPlatform implementation: [org.hibernate.engine.transaction.jta.platform.internal.NoJtaPlatform]
2023-09-07T08:07:31.292+02:00  INFO 32008 --- [           main] o.h.t.s.i.e.GenerationTargetToDatabase   : HHH000476: Executing script '[injected ScriptSourceInputNonExistentImpl script]'
2023-09-07T08:07:31.294+02:00  INFO 32008 --- [           main] j.LocalContainerEntityManagerFactoryBean : Initialized JPA EntityManagerFactory for persistence unit 'default'
2023-09-07T08:07:31.357+02:00  WARN 32008 --- [           main] JpaBaseConfiguration$JpaWebConfiguration : spring.jpa.open-in-view is enabled by default. Therefore, database queries may be performed during view rendering. Explicitly configure spring.jpa.open-in-view to disable this warning
2023-09-07T08:07:31.448+02:00  INFO 32008 --- [           main] o.s.b.t.m.w.SpringBootMockServletContext : Initializing Spring TestDispatcherServlet ''
2023-09-07T08:07:31.448+02:00  INFO 32008 --- [           main] o.s.t.web.servlet.TestDispatcherServlet  : Initializing Servlet ''
2023-09-07T08:07:31.448+02:00  INFO 32008 --- [           main] o.s.t.web.servlet.TestDispatcherServlet  : Completed initialization in 0 ms
2023-09-07T08:07:31.455+02:00  INFO 32008 --- [           main] c.d.d.c.BooksControllerIntegrationTests  : Started BooksControllerIntegrationTests in 0.491 seconds (process running for 29.097)
2023-09-07T08:07:31.467+02:00  INFO 32008 --- [           main] j.LocalContainerEntityManagerFactoryBean : Closing JPA EntityManagerFactory for persistence unit 'default'
2023-09-07T08:07:31.467+02:00  INFO 32008 --- [           main] .SchemaDropperImpl$DelayedDropActionImpl : HHH000477: Starting delayed evictData of schema as part of SessionFactory shut-down'
2023-09-07T08:07:31.468+02:00  INFO 32008 --- [           main] com.zaxxer.hikari.HikariDataSource       : HikariPool-26 - Shutdown initiated...
2023-09-07T08:07:31.474+02:00  INFO 32008 --- [           main] com.zaxxer.hikari.HikariDataSource       : HikariPool-26 - Shutdown completed.
]]></system-out>
  </testcase>
</testsuite>