<?xml version="1.0" encoding="UTF-8"?>
<testsuite xmlns:xsi="http://www.w3.org/2001/XMLSchema-instance" xsi:noNamespaceSchemaLocation="https://maven.apache.org/surefire/maven-surefire-plugin/xsd/surefire-test-report-3.0.xsd" version="3.0" name="com.devtiro.database.controllers.AuthorControllerIntegrationTests" time="14.111" tests="14" errors="0" skipped="0" failures="0">
  <properties>
[...]
</properties>
  <testcase name="testThatFullUpdateUpdatesExistingAuthor" classname="com.devtiro.database.controllers.AuthorControllerIntegrationTests" time="0.703">
    <system-out><![CDATA[2023-09-06T14:50:58.990+02:00  INFO 12312 --- [           main] t.c.s.AnnotationConfigContextLoaderUtils : Could not detect default configuration classes for test class [com.devtiro.database.controllers.AuthorControllerIntegrationTests]: AuthorControllerIntegrationTests does not declare any static, non-private, non-final, nested classes annotated with @Configuration.
2023-09-06T14:50:59.032+02:00  INFO 12312 --- [           main] .b.t.c.SpringBootTestContextBootstrapper : Found @SpringBootConfiguration com.devtiro.database.BooksApiApplication for test class com.devtiro.database.controllers.AuthorControllerIntegrationTests
  ____              _                 _____ _____
 |  _ \            | |          /\   |  __ \_   _|
 | |_) | ___   ___ | | _____   /  \  | |__) || |
 |  _ < / _ \ / _ \| |/ / __| / /\ \ |  ___/ | |
 | |_) | (_) | (_) |   <\__ \/ ____ \| |    _| |_
 |____/ \___/ \___/|_|\_\___/_/    \_\_|   |_____|
==================================================

2023-09-06T14:50:59.099+02:00  INFO 12312 --- [           main] c.d.d.c.AuthorControllerIntegrationTests : Starting AuthorControllerIntegrationTests using Java 20.0.2 with PID 12312 (started by andri in C:\Users\andri\OneDrive\Desktop\spring\course-spring-boot\10_rest_api\16_pagination\database)
2023-09-06T14:50:59.100+02:00  INFO 12312 --- [           main] c.d.d.c.AuthorControllerIntegrationTests : No active profile set, falling back to 1 default profile: "default"
2023-09-06T14:50:59.551+02:00  INFO 12312 --- [           main] .s.d.r.c.RepositoryConfigurationDelegate : Bootstrapping Spring Data JPA repositories in DEFAULT mode.
2023-09-06T14:50:59.597+02:00  INFO 12312 --- [           main] .s.d.r.c.RepositoryConfigurationDelegate : Finished Spring Data repository scanning in 45 ms. Found 2 JPA repository interfaces.
2023-09-06T14:50:59.852+02:00  INFO 12312 --- [           main] com.zaxxer.hikari.HikariDataSource       : HikariPool-2 - Starting...
2023-09-06T14:50:59.854+02:00  INFO 12312 --- [           main] com.zaxxer.hikari.pool.HikariPool        : HikariPool-2 - Added connection conn10: url=jdbc:h2:mem:testdb user=SA
2023-09-06T14:50:59.855+02:00  INFO 12312 --- [           main] com.zaxxer.hikari.HikariDataSource       : HikariPool-2 - Start completed.
2023-09-06T14:50:59.857+02:00  INFO 12312 --- [           main] o.hibernate.jpa.internal.util.LogHelper  : HHH000204: Processing PersistenceUnitInfo [name: default]
2023-09-06T14:50:59.872+02:00  INFO 12312 --- [           main] o.h.b.i.BytecodeProviderInitiator        : HHH000021: Bytecode provider name : bytebuddy
2023-09-06T14:50:59.872+02:00  INFO 12312 --- [           main] o.s.o.j.p.SpringPersistenceUnitInfo      : No LoadTimeWeaver setup: ignoring JPA class transformer
2023-09-06T14:50:59.874+02:00  INFO 12312 --- [           main] org.hibernate.orm.dialect                : HHH035001: Using dialect: org.hibernate.dialect.H2Dialect, version: 2.1.214
2023-09-06T14:50:59.897+02:00  INFO 12312 --- [           main] o.h.b.i.BytecodeProviderInitiator        : HHH000021: Bytecode provider name : bytebuddy
2023-09-06T14:50:59.968+02:00  INFO 12312 --- [           main] o.h.e.t.j.p.i.JtaPlatformInitiator       : HHH000490: Using JtaPlatform implementation: [org.hibernate.engine.transaction.jta.platform.internal.NoJtaPlatform]
2023-09-06T14:50:59.982+02:00  INFO 12312 --- [           main] o.h.t.s.i.e.GenerationTargetToDatabase   : HHH000476: Executing script '[injected ScriptSourceInputNonExistentImpl script]'
2023-09-06T14:50:59.983+02:00  INFO 12312 --- [           main] j.LocalContainerEntityManagerFactoryBean : Initialized JPA EntityManagerFactory for persistence unit 'default'
2023-09-06T14:51:00.152+02:00  WARN 12312 --- [           main] JpaBaseConfiguration$JpaWebConfiguration : spring.jpa.open-in-view is enabled by default. Therefore, database queries may be performed during view rendering. Explicitly configure spring.jpa.open-in-view to disable this warning
2023-09-06T14:51:00.373+02:00  INFO 12312 --- [           main] o.s.b.t.m.w.SpringBootMockServletContext : Initializing Spring TestDispatcherServlet ''
2023-09-06T14:51:00.375+02:00  INFO 12312 --- [           main] o.s.t.web.servlet.TestDispatcherServlet  : Initializing Servlet ''
2023-09-06T14:51:00.379+02:00  INFO 12312 --- [           main] o.s.t.web.servlet.TestDispatcherServlet  : Completed initialization in 1 ms
2023-09-06T14:51:00.395+02:00  INFO 12312 --- [           main] c.d.d.c.AuthorControllerIntegrationTests : Started AuthorControllerIntegrationTests in 1.352 seconds (process running for 11.899)
2023-09-06T14:51:01.096+02:00  INFO 12312 --- [           main] j.LocalContainerEntityManagerFactoryBean : Closing JPA EntityManagerFactory for persistence unit 'default'
2023-09-06T14:51:01.096+02:00  INFO 12312 --- [           main] .SchemaDropperImpl$DelayedDropActionImpl : HHH000477: Starting delayed evictData of schema as part of SessionFactory shut-down'
2023-09-06T14:51:01.104+02:00  INFO 12312 --- [           main] com.zaxxer.hikari.HikariDataSource       : HikariPool-2 - Shutdown initiated...
2023-09-06T14:51:01.107+02:00  INFO 12312 --- [           main] com.zaxxer.hikari.HikariDataSource       : HikariPool-2 - Shutdown completed.
]]></system-out>
  </testcase>
  <testcase name="testThatPartialUpdateExistingAuthorReturnsUpdatedAuthor" classname="com.devtiro.database.controllers.AuthorControllerIntegrationTests" time="0.067">
    <system-out><![CDATA[  ____              _                 _____ _____
 |  _ \            | |          /\   |  __ \_   _|
 | |_) | ___   ___ | | _____   /  \  | |__) || |
 |  _ < / _ \ / _ \| |/ / __| / /\ \ |  ___/ | |
 | |_) | (_) | (_) |   <\__ \/ ____ \| |    _| |_
 |____/ \___/ \___/|_|\_\___/_/    \_\_|   |_____|
==================================================

2023-09-06T14:51:01.169+02:00  INFO 12312 --- [           main] c.d.d.c.AuthorControllerIntegrationTests : Starting AuthorControllerIntegrationTests using Java 20.0.2 with PID 12312 (started by andri in C:\Users\andri\OneDrive\Desktop\spring\course-spring-boot\10_rest_api\16_pagination\database)
2023-09-06T14:51:01.170+02:00  INFO 12312 --- [           main] c.d.d.c.AuthorControllerIntegrationTests : No active profile set, falling back to 1 default profile: "default"
2023-09-06T14:51:01.486+02:00  INFO 12312 --- [           main] .s.d.r.c.RepositoryConfigurationDelegate : Bootstrapping Spring Data JPA repositories in DEFAULT mode.
2023-09-06T14:51:01.511+02:00  INFO 12312 --- [           main] .s.d.r.c.RepositoryConfigurationDelegate : Finished Spring Data repository scanning in 24 ms. Found 2 JPA repository interfaces.
2023-09-06T14:51:01.652+02:00  INFO 12312 --- [           main] com.zaxxer.hikari.HikariDataSource       : HikariPool-3 - Starting...
2023-09-06T14:51:01.654+02:00  INFO 12312 --- [           main] com.zaxxer.hikari.pool.HikariPool        : HikariPool-3 - Added connection conn20: url=jdbc:h2:mem:testdb user=SA
2023-09-06T14:51:01.654+02:00  INFO 12312 --- [           main] com.zaxxer.hikari.HikariDataSource       : HikariPool-3 - Start completed.
2023-09-06T14:51:01.656+02:00  INFO 12312 --- [           main] o.hibernate.jpa.internal.util.LogHelper  : HHH000204: Processing PersistenceUnitInfo [name: default]
2023-09-06T14:51:01.669+02:00  INFO 12312 --- [           main] o.h.b.i.BytecodeProviderInitiator        : HHH000021: Bytecode provider name : bytebuddy
2023-09-06T14:51:01.670+02:00  INFO 12312 --- [           main] o.s.o.j.p.SpringPersistenceUnitInfo      : No LoadTimeWeaver setup: ignoring JPA class transformer
2023-09-06T14:51:01.672+02:00  INFO 12312 --- [           main] org.hibernate.orm.dialect                : HHH035001: Using dialect: org.hibernate.dialect.H2Dialect, version: 2.1.214
2023-09-06T14:51:01.690+02:00  INFO 12312 --- [           main] o.h.b.i.BytecodeProviderInitiator        : HHH000021: Bytecode provider name : bytebuddy
2023-09-06T14:51:01.758+02:00  INFO 12312 --- [           main] o.h.e.t.j.p.i.JtaPlatformInitiator       : HHH000490: Using JtaPlatform implementation: [org.hibernate.engine.transaction.jta.platform.internal.NoJtaPlatform]
2023-09-06T14:51:01.769+02:00  INFO 12312 --- [           main] o.h.t.s.i.e.GenerationTargetToDatabase   : HHH000476: Executing script '[injected ScriptSourceInputNonExistentImpl script]'
2023-09-06T14:51:01.770+02:00  INFO 12312 --- [           main] j.LocalContainerEntityManagerFactoryBean : Initialized JPA EntityManagerFactory for persistence unit 'default'
2023-09-06T14:51:01.907+02:00  WARN 12312 --- [           main] JpaBaseConfiguration$JpaWebConfiguration : spring.jpa.open-in-view is enabled by default. Therefore, database queries may be performed during view rendering. Explicitly configure spring.jpa.open-in-view to disable this warning
2023-09-06T14:51:02.073+02:00  INFO 12312 --- [           main] o.s.b.t.m.w.SpringBootMockServletContext : Initializing Spring TestDispatcherServlet ''
2023-09-06T14:51:02.073+02:00  INFO 12312 --- [           main] o.s.t.web.servlet.TestDispatcherServlet  : Initializing Servlet ''
2023-09-06T14:51:02.075+02:00  INFO 12312 --- [           main] o.s.t.web.servlet.TestDispatcherServlet  : Completed initialization in 2 ms
2023-09-06T14:51:02.089+02:00  INFO 12312 --- [           main] c.d.d.c.AuthorControllerIntegrationTests : Started AuthorControllerIntegrationTests in 0.975 seconds (process running for 13.592)
2023-09-06T14:51:02.155+02:00  INFO 12312 --- [           main] j.LocalContainerEntityManagerFactoryBean : Closing JPA EntityManagerFactory for persistence unit 'default'
2023-09-06T14:51:02.155+02:00  INFO 12312 --- [           main] .SchemaDropperImpl$DelayedDropActionImpl : HHH000477: Starting delayed evictData of schema as part of SessionFactory shut-down'
2023-09-06T14:51:02.159+02:00  INFO 12312 --- [           main] com.zaxxer.hikari.HikariDataSource       : HikariPool-3 - Shutdown initiated...
2023-09-06T14:51:02.162+02:00  INFO 12312 --- [           main] com.zaxxer.hikari.HikariDataSource       : HikariPool-3 - Shutdown completed.
]]></system-out>
  </testcase>
  <testcase name="testThatCreateAuthorSuccessfullyReturnsHttp201Created" classname="com.devtiro.database.controllers.AuthorControllerIntegrationTests" time="0.04">
    <system-out><![CDATA[  ____              _                 _____ _____
 |  _ \            | |          /\   |  __ \_   _|
 | |_) | ___   ___ | | _____   /  \  | |__) || |
 |  _ < / _ \ / _ \| |/ / __| / /\ \ |  ___/ | |
 | |_) | (_) | (_) |   <\__ \/ ____ \| |    _| |_
 |____/ \___/ \___/|_|\_\___/_/    \_\_|   |_____|
==================================================

2023-09-06T14:51:02.221+02:00  INFO 12312 --- [           main] c.d.d.c.AuthorControllerIntegrationTests : Starting AuthorControllerIntegrationTests using Java 20.0.2 with PID 12312 (started by andri in C:\Users\andri\OneDrive\Desktop\spring\course-spring-boot\10_rest_api\16_pagination\database)
2023-09-06T14:51:02.221+02:00  INFO 12312 --- [           main] c.d.d.c.AuthorControllerIntegrationTests : No active profile set, falling back to 1 default profile: "default"
2023-09-06T14:51:02.579+02:00  INFO 12312 --- [           main] .s.d.r.c.RepositoryConfigurationDelegate : Bootstrapping Spring Data JPA repositories in DEFAULT mode.
2023-09-06T14:51:02.615+02:00  INFO 12312 --- [           main] .s.d.r.c.RepositoryConfigurationDelegate : Finished Spring Data repository scanning in 33 ms. Found 2 JPA repository interfaces.
2023-09-06T14:51:02.823+02:00  INFO 12312 --- [           main] com.zaxxer.hikari.HikariDataSource       : HikariPool-4 - Starting...
2023-09-06T14:51:02.825+02:00  INFO 12312 --- [           main] com.zaxxer.hikari.pool.HikariPool        : HikariPool-4 - Added connection conn30: url=jdbc:h2:mem:testdb user=SA
2023-09-06T14:51:02.826+02:00  INFO 12312 --- [           main] com.zaxxer.hikari.HikariDataSource       : HikariPool-4 - Start completed.
2023-09-06T14:51:02.828+02:00  INFO 12312 --- [           main] o.hibernate.jpa.internal.util.LogHelper  : HHH000204: Processing PersistenceUnitInfo [name: default]
2023-09-06T14:51:02.843+02:00  INFO 12312 --- [           main] o.h.b.i.BytecodeProviderInitiator        : HHH000021: Bytecode provider name : bytebuddy
2023-09-06T14:51:02.844+02:00  INFO 12312 --- [           main] o.s.o.j.p.SpringPersistenceUnitInfo      : No LoadTimeWeaver setup: ignoring JPA class transformer
2023-09-06T14:51:02.846+02:00  INFO 12312 --- [           main] org.hibernate.orm.dialect                : HHH035001: Using dialect: org.hibernate.dialect.H2Dialect, version: 2.1.214
2023-09-06T14:51:02.867+02:00  INFO 12312 --- [           main] o.h.b.i.BytecodeProviderInitiator        : HHH000021: Bytecode provider name : bytebuddy
2023-09-06T14:51:02.937+02:00  INFO 12312 --- [           main] o.h.e.t.j.p.i.JtaPlatformInitiator       : HHH000490: Using JtaPlatform implementation: [org.hibernate.engine.transaction.jta.platform.internal.NoJtaPlatform]
2023-09-06T14:51:02.948+02:00  INFO 12312 --- [           main] o.h.t.s.i.e.GenerationTargetToDatabase   : HHH000476: Executing script '[injected ScriptSourceInputNonExistentImpl script]'
2023-09-06T14:51:02.948+02:00  INFO 12312 --- [           main] j.LocalContainerEntityManagerFactoryBean : Initialized JPA EntityManagerFactory for persistence unit 'default'
2023-09-06T14:51:03.051+02:00  WARN 12312 --- [           main] JpaBaseConfiguration$JpaWebConfiguration : spring.jpa.open-in-view is enabled by default. Therefore, database queries may be performed during view rendering. Explicitly configure spring.jpa.open-in-view to disable this warning
2023-09-06T14:51:03.196+02:00  INFO 12312 --- [           main] o.s.b.t.m.w.SpringBootMockServletContext : Initializing Spring TestDispatcherServlet ''
2023-09-06T14:51:03.196+02:00  INFO 12312 --- [           main] o.s.t.web.servlet.TestDispatcherServlet  : Initializing Servlet ''
2023-09-06T14:51:03.197+02:00  INFO 12312 --- [           main] o.s.t.web.servlet.TestDispatcherServlet  : Completed initialization in 0 ms
2023-09-06T14:51:03.209+02:00  INFO 12312 --- [           main] c.d.d.c.AuthorControllerIntegrationTests : Started AuthorControllerIntegrationTests in 1.043 seconds (process running for 14.713)
2023-09-06T14:51:03.251+02:00  INFO 12312 --- [           main] j.LocalContainerEntityManagerFactoryBean : Closing JPA EntityManagerFactory for persistence unit 'default'
2023-09-06T14:51:03.251+02:00  INFO 12312 --- [           main] .SchemaDropperImpl$DelayedDropActionImpl : HHH000477: Starting delayed evictData of schema as part of SessionFactory shut-down'
2023-09-06T14:51:03.254+02:00  INFO 12312 --- [           main] com.zaxxer.hikari.HikariDataSource       : HikariPool-4 - Shutdown initiated...
2023-09-06T14:51:03.255+02:00  INFO 12312 --- [           main] com.zaxxer.hikari.HikariDataSource       : HikariPool-4 - Shutdown completed.
]]></system-out>
  </testcase>
  <testcase name="testThatFullUpdateAuthorReturnsHttpStatus404WhenNoAuthorExists" classname="com.devtiro.database.controllers.AuthorControllerIntegrationTests" time="0.034">
    <system-out><![CDATA[  ____              _                 _____ _____
 |  _ \            | |          /\   |  __ \_   _|
 | |_) | ___   ___ | | _____   /  \  | |__) || |
 |  _ < / _ \ / _ \| |/ / __| / /\ \ |  ___/ | |
 | |_) | (_) | (_) |   <\__ \/ ____ \| |    _| |_
 |____/ \___/ \___/|_|\_\___/_/    \_\_|   |_____|
==================================================

2023-09-06T14:51:03.302+02:00  INFO 12312 --- [           main] c.d.d.c.AuthorControllerIntegrationTests : Starting AuthorControllerIntegrationTests using Java 20.0.2 with PID 12312 (started by andri in C:\Users\andri\OneDrive\Desktop\spring\course-spring-boot\10_rest_api\16_pagination\database)
2023-09-06T14:51:03.302+02:00  INFO 12312 --- [           main] c.d.d.c.AuthorControllerIntegrationTests : No active profile set, falling back to 1 default profile: "default"
2023-09-06T14:51:03.584+02:00  INFO 12312 --- [           main] .s.d.r.c.RepositoryConfigurationDelegate : Bootstrapping Spring Data JPA repositories in DEFAULT mode.
2023-09-06T14:51:03.615+02:00  INFO 12312 --- [           main] .s.d.r.c.RepositoryConfigurationDelegate : Finished Spring Data repository scanning in 29 ms. Found 2 JPA repository interfaces.
2023-09-06T14:51:03.750+02:00  INFO 12312 --- [           main] com.zaxxer.hikari.HikariDataSource       : HikariPool-5 - Starting...
2023-09-06T14:51:03.752+02:00  INFO 12312 --- [           main] com.zaxxer.hikari.pool.HikariPool        : HikariPool-5 - Added connection conn40: url=jdbc:h2:mem:testdb user=SA
2023-09-06T14:51:03.753+02:00  INFO 12312 --- [           main] com.zaxxer.hikari.HikariDataSource       : HikariPool-5 - Start completed.
2023-09-06T14:51:03.755+02:00  INFO 12312 --- [           main] o.hibernate.jpa.internal.util.LogHelper  : HHH000204: Processing PersistenceUnitInfo [name: default]
2023-09-06T14:51:03.773+02:00  INFO 12312 --- [           main] o.h.b.i.BytecodeProviderInitiator        : HHH000021: Bytecode provider name : bytebuddy
2023-09-06T14:51:03.774+02:00  INFO 12312 --- [           main] o.s.o.j.p.SpringPersistenceUnitInfo      : No LoadTimeWeaver setup: ignoring JPA class transformer
2023-09-06T14:51:03.778+02:00  INFO 12312 --- [           main] org.hibernate.orm.dialect                : HHH035001: Using dialect: org.hibernate.dialect.H2Dialect, version: 2.1.214
2023-09-06T14:51:03.799+02:00  INFO 12312 --- [           main] o.h.b.i.BytecodeProviderInitiator        : HHH000021: Bytecode provider name : bytebuddy
2023-09-06T14:51:03.862+02:00  INFO 12312 --- [           main] o.h.e.t.j.p.i.JtaPlatformInitiator       : HHH000490: Using JtaPlatform implementation: [org.hibernate.engine.transaction.jta.platform.internal.NoJtaPlatform]
2023-09-06T14:51:03.871+02:00  INFO 12312 --- [           main] o.h.t.s.i.e.GenerationTargetToDatabase   : HHH000476: Executing script '[injected ScriptSourceInputNonExistentImpl script]'
2023-09-06T14:51:03.872+02:00  INFO 12312 --- [           main] j.LocalContainerEntityManagerFactoryBean : Initialized JPA EntityManagerFactory for persistence unit 'default'
2023-09-06T14:51:03.999+02:00  WARN 12312 --- [           main] JpaBaseConfiguration$JpaWebConfiguration : spring.jpa.open-in-view is enabled by default. Therefore, database queries may be performed during view rendering. Explicitly configure spring.jpa.open-in-view to disable this warning
2023-09-06T14:51:04.127+02:00  INFO 12312 --- [           main] o.s.b.t.m.w.SpringBootMockServletContext : Initializing Spring TestDispatcherServlet ''
2023-09-06T14:51:04.128+02:00  INFO 12312 --- [           main] o.s.t.web.servlet.TestDispatcherServlet  : Initializing Servlet ''
2023-09-06T14:51:04.129+02:00  INFO 12312 --- [           main] o.s.t.web.servlet.TestDispatcherServlet  : Completed initialization in 1 ms
2023-09-06T14:51:04.140+02:00  INFO 12312 --- [           main] c.d.d.c.AuthorControllerIntegrationTests : Started AuthorControllerIntegrationTests in 0.88 seconds (process running for 15.643)
2023-09-06T14:51:04.170+02:00  INFO 12312 --- [           main] j.LocalContainerEntityManagerFactoryBean : Closing JPA EntityManagerFactory for persistence unit 'default'
2023-09-06T14:51:04.170+02:00  INFO 12312 --- [           main] .SchemaDropperImpl$DelayedDropActionImpl : HHH000477: Starting delayed evictData of schema as part of SessionFactory shut-down'
2023-09-06T14:51:04.173+02:00  INFO 12312 --- [           main] com.zaxxer.hikari.HikariDataSource       : HikariPool-5 - Shutdown initiated...
2023-09-06T14:51:04.176+02:00  INFO 12312 --- [           main] com.zaxxer.hikari.HikariDataSource       : HikariPool-5 - Shutdown completed.
]]></system-out>
  </testcase>
  <testcase name="testThatGetAuthorReturnsHttpStatus404WhenNoAuthorExists" classname="com.devtiro.database.controllers.AuthorControllerIntegrationTests" time="0.028">
    <system-out><![CDATA[  ____              _                 _____ _____
 |  _ \            | |          /\   |  __ \_   _|
 | |_) | ___   ___ | | _____   /  \  | |__) || |
 |  _ < / _ \ / _ \| |/ / __| / /\ \ |  ___/ | |
 | |_) | (_) | (_) |   <\__ \/ ____ \| |    _| |_
 |____/ \___/ \___/|_|\_\___/_/    \_\_|   |_____|
==================================================

2023-09-06T14:51:04.225+02:00  INFO 12312 --- [           main] c.d.d.c.AuthorControllerIntegrationTests : Starting AuthorControllerIntegrationTests using Java 20.0.2 with PID 12312 (started by andri in C:\Users\andri\OneDrive\Desktop\spring\course-spring-boot\10_rest_api\16_pagination\database)
2023-09-06T14:51:04.225+02:00  INFO 12312 --- [           main] c.d.d.c.AuthorControllerIntegrationTests : No active profile set, falling back to 1 default profile: "default"
2023-09-06T14:51:04.516+02:00  INFO 12312 --- [           main] .s.d.r.c.RepositoryConfigurationDelegate : Bootstrapping Spring Data JPA repositories in DEFAULT mode.
2023-09-06T14:51:04.540+02:00  INFO 12312 --- [           main] .s.d.r.c.RepositoryConfigurationDelegate : Finished Spring Data repository scanning in 24 ms. Found 2 JPA repository interfaces.
2023-09-06T14:51:04.655+02:00  INFO 12312 --- [           main] com.zaxxer.hikari.HikariDataSource       : HikariPool-6 - Starting...
2023-09-06T14:51:04.657+02:00  INFO 12312 --- [           main] com.zaxxer.hikari.pool.HikariPool        : HikariPool-6 - Added connection conn50: url=jdbc:h2:mem:testdb user=SA
2023-09-06T14:51:04.657+02:00  INFO 12312 --- [           main] com.zaxxer.hikari.HikariDataSource       : HikariPool-6 - Start completed.
2023-09-06T14:51:04.659+02:00  INFO 12312 --- [           main] o.hibernate.jpa.internal.util.LogHelper  : HHH000204: Processing PersistenceUnitInfo [name: default]
2023-09-06T14:51:04.675+02:00  INFO 12312 --- [           main] o.h.b.i.BytecodeProviderInitiator        : HHH000021: Bytecode provider name : bytebuddy
2023-09-06T14:51:04.675+02:00  INFO 12312 --- [           main] o.s.o.j.p.SpringPersistenceUnitInfo      : No LoadTimeWeaver setup: ignoring JPA class transformer
2023-09-06T14:51:04.681+02:00  INFO 12312 --- [           main] org.hibernate.orm.dialect                : HHH035001: Using dialect: org.hibernate.dialect.H2Dialect, version: 2.1.214
2023-09-06T14:51:04.696+02:00  INFO 12312 --- [           main] o.h.b.i.BytecodeProviderInitiator        : HHH000021: Bytecode provider name : bytebuddy
2023-09-06T14:51:04.748+02:00  INFO 12312 --- [           main] o.h.e.t.j.p.i.JtaPlatformInitiator       : HHH000490: Using JtaPlatform implementation: [org.hibernate.engine.transaction.jta.platform.internal.NoJtaPlatform]
2023-09-06T14:51:04.755+02:00  INFO 12312 --- [           main] o.h.t.s.i.e.GenerationTargetToDatabase   : HHH000476: Executing script '[injected ScriptSourceInputNonExistentImpl script]'
2023-09-06T14:51:04.756+02:00  INFO 12312 --- [           main] j.LocalContainerEntityManagerFactoryBean : Initialized JPA EntityManagerFactory for persistence unit 'default'
2023-09-06T14:51:04.848+02:00  WARN 12312 --- [           main] JpaBaseConfiguration$JpaWebConfiguration : spring.jpa.open-in-view is enabled by default. Therefore, database queries may be performed during view rendering. Explicitly configure spring.jpa.open-in-view to disable this warning
2023-09-06T14:51:04.990+02:00  INFO 12312 --- [           main] o.s.b.t.m.w.SpringBootMockServletContext : Initializing Spring TestDispatcherServlet ''
2023-09-06T14:51:04.991+02:00  INFO 12312 --- [           main] o.s.t.web.servlet.TestDispatcherServlet  : Initializing Servlet ''
2023-09-06T14:51:04.991+02:00  INFO 12312 --- [           main] o.s.t.web.servlet.TestDispatcherServlet  : Completed initialization in 0 ms
2023-09-06T14:51:05.004+02:00  INFO 12312 --- [           main] c.d.d.c.AuthorControllerIntegrationTests : Started AuthorControllerIntegrationTests in 0.822 seconds (process running for 16.508)
2023-09-06T14:51:05.031+02:00  INFO 12312 --- [           main] j.LocalContainerEntityManagerFactoryBean : Closing JPA EntityManagerFactory for persistence unit 'default'
2023-09-06T14:51:05.031+02:00  INFO 12312 --- [           main] .SchemaDropperImpl$DelayedDropActionImpl : HHH000477: Starting delayed evictData of schema as part of SessionFactory shut-down'
2023-09-06T14:51:05.035+02:00  INFO 12312 --- [           main] com.zaxxer.hikari.HikariDataSource       : HikariPool-6 - Shutdown initiated...
2023-09-06T14:51:05.036+02:00  INFO 12312 --- [           main] com.zaxxer.hikari.HikariDataSource       : HikariPool-6 - Shutdown completed.
]]></system-out>
  </testcase>
  <testcase name="testThatDeleteAuthorReturnsHttpStatus204ForNonExistingAuthor" classname="com.devtiro.database.controllers.AuthorControllerIntegrationTests" time="0.073">
    <system-out><![CDATA[  ____              _                 _____ _____
 |  _ \            | |          /\   |  __ \_   _|
 | |_) | ___   ___ | | _____   /  \  | |__) || |
 |  _ < / _ \ / _ \| |/ / __| / /\ \ |  ___/ | |
 | |_) | (_) | (_) |   <\__ \/ ____ \| |    _| |_
 |____/ \___/ \___/|_|\_\___/_/    \_\_|   |_____|
==================================================

2023-09-06T14:51:05.092+02:00  INFO 12312 --- [           main] c.d.d.c.AuthorControllerIntegrationTests : Starting AuthorControllerIntegrationTests using Java 20.0.2 with PID 12312 (started by andri in C:\Users\andri\OneDrive\Desktop\spring\course-spring-boot\10_rest_api\16_pagination\database)
2023-09-06T14:51:05.093+02:00  INFO 12312 --- [           main] c.d.d.c.AuthorControllerIntegrationTests : No active profile set, falling back to 1 default profile: "default"
2023-09-06T14:51:05.477+02:00  INFO 12312 --- [           main] .s.d.r.c.RepositoryConfigurationDelegate : Bootstrapping Spring Data JPA repositories in DEFAULT mode.
2023-09-06T14:51:05.526+02:00  INFO 12312 --- [           main] .s.d.r.c.RepositoryConfigurationDelegate : Finished Spring Data repository scanning in 49 ms. Found 2 JPA repository interfaces.
2023-09-06T14:51:05.634+02:00  INFO 12312 --- [           main] com.zaxxer.hikari.HikariDataSource       : HikariPool-7 - Starting...
2023-09-06T14:51:05.636+02:00  INFO 12312 --- [           main] com.zaxxer.hikari.pool.HikariPool        : HikariPool-7 - Added connection conn60: url=jdbc:h2:mem:testdb user=SA
2023-09-06T14:51:05.636+02:00  INFO 12312 --- [           main] com.zaxxer.hikari.HikariDataSource       : HikariPool-7 - Start completed.
2023-09-06T14:51:05.639+02:00  INFO 12312 --- [           main] o.hibernate.jpa.internal.util.LogHelper  : HHH000204: Processing PersistenceUnitInfo [name: default]
2023-09-06T14:51:05.655+02:00  INFO 12312 --- [           main] o.h.b.i.BytecodeProviderInitiator        : HHH000021: Bytecode provider name : bytebuddy
2023-09-06T14:51:05.656+02:00  INFO 12312 --- [           main] o.s.o.j.p.SpringPersistenceUnitInfo      : No LoadTimeWeaver setup: ignoring JPA class transformer
2023-09-06T14:51:05.658+02:00  INFO 12312 --- [           main] org.hibernate.orm.dialect                : HHH035001: Using dialect: org.hibernate.dialect.H2Dialect, version: 2.1.214
2023-09-06T14:51:05.679+02:00  INFO 12312 --- [           main] o.h.b.i.BytecodeProviderInitiator        : HHH000021: Bytecode provider name : bytebuddy
2023-09-06T14:51:05.729+02:00  INFO 12312 --- [           main] o.h.e.t.j.p.i.JtaPlatformInitiator       : HHH000490: Using JtaPlatform implementation: [org.hibernate.engine.transaction.jta.platform.internal.NoJtaPlatform]
2023-09-06T14:51:05.737+02:00  INFO 12312 --- [           main] o.h.t.s.i.e.GenerationTargetToDatabase   : HHH000476: Executing script '[injected ScriptSourceInputNonExistentImpl script]'
2023-09-06T14:51:05.738+02:00  INFO 12312 --- [           main] j.LocalContainerEntityManagerFactoryBean : Initialized JPA EntityManagerFactory for persistence unit 'default'
2023-09-06T14:51:05.849+02:00  WARN 12312 --- [           main] JpaBaseConfiguration$JpaWebConfiguration : spring.jpa.open-in-view is enabled by default. Therefore, database queries may be performed during view rendering. Explicitly configure spring.jpa.open-in-view to disable this warning
2023-09-06T14:51:06.028+02:00  INFO 12312 --- [           main] o.s.b.t.m.w.SpringBootMockServletContext : Initializing Spring TestDispatcherServlet ''
2023-09-06T14:51:06.028+02:00  INFO 12312 --- [           main] o.s.t.web.servlet.TestDispatcherServlet  : Initializing Servlet ''
2023-09-06T14:51:06.029+02:00  INFO 12312 --- [           main] o.s.t.web.servlet.TestDispatcherServlet  : Completed initialization in 1 ms
2023-09-06T14:51:06.053+02:00  INFO 12312 --- [           main] c.d.d.c.AuthorControllerIntegrationTests : Started AuthorControllerIntegrationTests in 1.012 seconds (process running for 17.557)
2023-09-06T14:51:06.076+02:00  INFO 12312 --- [           main] j.LocalContainerEntityManagerFactoryBean : Closing JPA EntityManagerFactory for persistence unit 'default'
2023-09-06T14:51:06.077+02:00  INFO 12312 --- [           main] .SchemaDropperImpl$DelayedDropActionImpl : HHH000477: Starting delayed evictData of schema as part of SessionFactory shut-down'
2023-09-06T14:51:06.080+02:00  INFO 12312 --- [           main] com.zaxxer.hikari.HikariDataSource       : HikariPool-7 - Shutdown initiated...
2023-09-06T14:51:06.130+02:00  INFO 12312 --- [           main] com.zaxxer.hikari.HikariDataSource       : HikariPool-7 - Shutdown completed.
]]></system-out>
  </testcase>
  <testcase name="testThatListAuthorsReturnsHttpStatus200" classname="com.devtiro.database.controllers.AuthorControllerIntegrationTests" time="0.083">
    <system-out><![CDATA[  ____              _                 _____ _____
 |  _ \            | |          /\   |  __ \_   _|
 | |_) | ___   ___ | | _____   /  \  | |__) || |
 |  _ < / _ \ / _ \| |/ / __| / /\ \ |  ___/ | |
 | |_) | (_) | (_) |   <\__ \/ ____ \| |    _| |_
 |____/ \___/ \___/|_|\_\___/_/    \_\_|   |_____|
==================================================

2023-09-06T14:51:06.176+02:00  INFO 12312 --- [           main] c.d.d.c.AuthorControllerIntegrationTests : Starting AuthorControllerIntegrationTests using Java 20.0.2 with PID 12312 (started by andri in C:\Users\andri\OneDrive\Desktop\spring\course-spring-boot\10_rest_api\16_pagination\database)
2023-09-06T14:51:06.177+02:00  INFO 12312 --- [           main] c.d.d.c.AuthorControllerIntegrationTests : No active profile set, falling back to 1 default profile: "default"
2023-09-06T14:51:06.507+02:00  INFO 12312 --- [           main] .s.d.r.c.RepositoryConfigurationDelegate : Bootstrapping Spring Data JPA repositories in DEFAULT mode.
2023-09-06T14:51:06.535+02:00  INFO 12312 --- [           main] .s.d.r.c.RepositoryConfigurationDelegate : Finished Spring Data repository scanning in 26 ms. Found 2 JPA repository interfaces.
2023-09-06T14:51:06.648+02:00  INFO 12312 --- [           main] com.zaxxer.hikari.HikariDataSource       : HikariPool-8 - Starting...
2023-09-06T14:51:06.650+02:00  INFO 12312 --- [           main] com.zaxxer.hikari.pool.HikariPool        : HikariPool-8 - Added connection conn70: url=jdbc:h2:mem:testdb user=SA
2023-09-06T14:51:06.651+02:00  INFO 12312 --- [           main] com.zaxxer.hikari.HikariDataSource       : HikariPool-8 - Start completed.
2023-09-06T14:51:06.653+02:00  INFO 12312 --- [           main] o.hibernate.jpa.internal.util.LogHelper  : HHH000204: Processing PersistenceUnitInfo [name: default]
2023-09-06T14:51:06.666+02:00  INFO 12312 --- [           main] o.h.b.i.BytecodeProviderInitiator        : HHH000021: Bytecode provider name : bytebuddy
2023-09-06T14:51:06.666+02:00  INFO 12312 --- [           main] o.s.o.j.p.SpringPersistenceUnitInfo      : No LoadTimeWeaver setup: ignoring JPA class transformer
2023-09-06T14:51:06.668+02:00  INFO 12312 --- [           main] org.hibernate.orm.dialect                : HHH035001: Using dialect: org.hibernate.dialect.H2Dialect, version: 2.1.214
2023-09-06T14:51:06.684+02:00  INFO 12312 --- [           main] o.h.b.i.BytecodeProviderInitiator        : HHH000021: Bytecode provider name : bytebuddy
2023-09-06T14:51:06.732+02:00  INFO 12312 --- [           main] o.h.e.t.j.p.i.JtaPlatformInitiator       : HHH000490: Using JtaPlatform implementation: [org.hibernate.engine.transaction.jta.platform.internal.NoJtaPlatform]
2023-09-06T14:51:06.739+02:00  INFO 12312 --- [           main] o.h.t.s.i.e.GenerationTargetToDatabase   : HHH000476: Executing script '[injected ScriptSourceInputNonExistentImpl script]'
2023-09-06T14:51:06.739+02:00  INFO 12312 --- [           main] j.LocalContainerEntityManagerFactoryBean : Initialized JPA EntityManagerFactory for persistence unit 'default'
2023-09-06T14:51:06.849+02:00  WARN 12312 --- [           main] JpaBaseConfiguration$JpaWebConfiguration : spring.jpa.open-in-view is enabled by default. Therefore, database queries may be performed during view rendering. Explicitly configure spring.jpa.open-in-view to disable this warning
2023-09-06T14:51:07.005+02:00  INFO 12312 --- [           main] o.s.b.t.m.w.SpringBootMockServletContext : Initializing Spring TestDispatcherServlet ''
2023-09-06T14:51:07.006+02:00  INFO 12312 --- [           main] o.s.t.web.servlet.TestDispatcherServlet  : Initializing Servlet ''
2023-09-06T14:51:07.007+02:00  INFO 12312 --- [           main] o.s.t.web.servlet.TestDispatcherServlet  : Completed initialization in 1 ms
2023-09-06T14:51:07.024+02:00  INFO 12312 --- [           main] c.d.d.c.AuthorControllerIntegrationTests : Started AuthorControllerIntegrationTests in 0.888 seconds (process running for 18.527)
2023-09-06T14:51:07.082+02:00  INFO 12312 --- [           main] j.LocalContainerEntityManagerFactoryBean : Closing JPA EntityManagerFactory for persistence unit 'default'
2023-09-06T14:51:07.086+02:00  INFO 12312 --- [           main] .SchemaDropperImpl$DelayedDropActionImpl : HHH000477: Starting delayed evictData of schema as part of SessionFactory shut-down'
2023-09-06T14:51:07.104+02:00  INFO 12312 --- [           main] com.zaxxer.hikari.HikariDataSource       : HikariPool-8 - Shutdown initiated...
2023-09-06T14:51:07.114+02:00  INFO 12312 --- [           main] com.zaxxer.hikari.HikariDataSource       : HikariPool-8 - Shutdown completed.
]]></system-out>
  </testcase>
  <testcase name="testThatListAuthorsReturnsListOfAuthors" classname="com.devtiro.database.controllers.AuthorControllerIntegrationTests" time="0.106">
    <system-out><![CDATA[  ____              _                 _____ _____
 |  _ \            | |          /\   |  __ \_   _|
 | |_) | ___   ___ | | _____   /  \  | |__) || |
 |  _ < / _ \ / _ \| |/ / __| / /\ \ |  ___/ | |
 | |_) | (_) | (_) |   <\__ \/ ____ \| |    _| |_
 |____/ \___/ \___/|_|\_\___/_/    \_\_|   |_____|
==================================================

2023-09-06T14:51:07.163+02:00  INFO 12312 --- [           main] c.d.d.c.AuthorControllerIntegrationTests : Starting AuthorControllerIntegrationTests using Java 20.0.2 with PID 12312 (started by andri in C:\Users\andri\OneDrive\Desktop\spring\course-spring-boot\10_rest_api\16_pagination\database)
2023-09-06T14:51:07.163+02:00  INFO 12312 --- [           main] c.d.d.c.AuthorControllerIntegrationTests : No active profile set, falling back to 1 default profile: "default"
2023-09-06T14:51:07.467+02:00  INFO 12312 --- [           main] .s.d.r.c.RepositoryConfigurationDelegate : Bootstrapping Spring Data JPA repositories in DEFAULT mode.
2023-09-06T14:51:07.512+02:00  INFO 12312 --- [           main] .s.d.r.c.RepositoryConfigurationDelegate : Finished Spring Data repository scanning in 45 ms. Found 2 JPA repository interfaces.
2023-09-06T14:51:07.639+02:00  INFO 12312 --- [           main] com.zaxxer.hikari.HikariDataSource       : HikariPool-9 - Starting...
2023-09-06T14:51:07.640+02:00  INFO 12312 --- [           main] com.zaxxer.hikari.pool.HikariPool        : HikariPool-9 - Added connection conn80: url=jdbc:h2:mem:testdb user=SA
2023-09-06T14:51:07.641+02:00  INFO 12312 --- [           main] com.zaxxer.hikari.HikariDataSource       : HikariPool-9 - Start completed.
2023-09-06T14:51:07.643+02:00  INFO 12312 --- [           main] o.hibernate.jpa.internal.util.LogHelper  : HHH000204: Processing PersistenceUnitInfo [name: default]
2023-09-06T14:51:07.662+02:00  INFO 12312 --- [           main] o.h.b.i.BytecodeProviderInitiator        : HHH000021: Bytecode provider name : bytebuddy
2023-09-06T14:51:07.663+02:00  INFO 12312 --- [           main] o.s.o.j.p.SpringPersistenceUnitInfo      : No LoadTimeWeaver setup: ignoring JPA class transformer
2023-09-06T14:51:07.666+02:00  INFO 12312 --- [           main] org.hibernate.orm.dialect                : HHH035001: Using dialect: org.hibernate.dialect.H2Dialect, version: 2.1.214
2023-09-06T14:51:07.686+02:00  INFO 12312 --- [           main] o.h.b.i.BytecodeProviderInitiator        : HHH000021: Bytecode provider name : bytebuddy
2023-09-06T14:51:07.744+02:00  INFO 12312 --- [           main] o.h.e.t.j.p.i.JtaPlatformInitiator       : HHH000490: Using JtaPlatform implementation: [org.hibernate.engine.transaction.jta.platform.internal.NoJtaPlatform]
2023-09-06T14:51:07.752+02:00  INFO 12312 --- [           main] o.h.t.s.i.e.GenerationTargetToDatabase   : HHH000476: Executing script '[injected ScriptSourceInputNonExistentImpl script]'
2023-09-06T14:51:07.758+02:00  INFO 12312 --- [           main] j.LocalContainerEntityManagerFactoryBean : Initialized JPA EntityManagerFactory for persistence unit 'default'
2023-09-06T14:51:07.860+02:00  WARN 12312 --- [           main] JpaBaseConfiguration$JpaWebConfiguration : spring.jpa.open-in-view is enabled by default. Therefore, database queries may be performed during view rendering. Explicitly configure spring.jpa.open-in-view to disable this warning
2023-09-06T14:51:08.001+02:00  INFO 12312 --- [           main] o.s.b.t.m.w.SpringBootMockServletContext : Initializing Spring TestDispatcherServlet ''
2023-09-06T14:51:08.001+02:00  INFO 12312 --- [           main] o.s.t.web.servlet.TestDispatcherServlet  : Initializing Servlet ''
2023-09-06T14:51:08.002+02:00  INFO 12312 --- [           main] o.s.t.web.servlet.TestDispatcherServlet  : Completed initialization in 1 ms
2023-09-06T14:51:08.013+02:00  INFO 12312 --- [           main] c.d.d.c.AuthorControllerIntegrationTests : Started AuthorControllerIntegrationTests in 0.895 seconds (process running for 19.516)
2023-09-06T14:51:08.116+02:00  INFO 12312 --- [           main] j.LocalContainerEntityManagerFactoryBean : Closing JPA EntityManagerFactory for persistence unit 'default'
2023-09-06T14:51:08.117+02:00  INFO 12312 --- [           main] .SchemaDropperImpl$DelayedDropActionImpl : HHH000477: Starting delayed evictData of schema as part of SessionFactory shut-down'
2023-09-06T14:51:08.120+02:00  INFO 12312 --- [           main] com.zaxxer.hikari.HikariDataSource       : HikariPool-9 - Shutdown initiated...
2023-09-06T14:51:08.122+02:00  INFO 12312 --- [           main] com.zaxxer.hikari.HikariDataSource       : HikariPool-9 - Shutdown completed.
]]></system-out>
  </testcase>
  <testcase name="testThatDeleteAuthorReturnsHttpStatus204ForExistingAuthor" classname="com.devtiro.database.controllers.AuthorControllerIntegrationTests" time="0.05">
    <system-out><![CDATA[  ____              _                 _____ _____
 |  _ \            | |          /\   |  __ \_   _|
 | |_) | ___   ___ | | _____   /  \  | |__) || |
 |  _ < / _ \ / _ \| |/ / __| / /\ \ |  ___/ | |
 | |_) | (_) | (_) |   <\__ \/ ____ \| |    _| |_
 |____/ \___/ \___/|_|\_\___/_/    \_\_|   |_____|
==================================================

2023-09-06T14:51:08.169+02:00  INFO 12312 --- [           main] c.d.d.c.AuthorControllerIntegrationTests : Starting AuthorControllerIntegrationTests using Java 20.0.2 with PID 12312 (started by andri in C:\Users\andri\OneDrive\Desktop\spring\course-spring-boot\10_rest_api\16_pagination\database)
2023-09-06T14:51:08.170+02:00  INFO 12312 --- [           main] c.d.d.c.AuthorControllerIntegrationTests : No active profile set, falling back to 1 default profile: "default"
2023-09-06T14:51:08.510+02:00  INFO 12312 --- [           main] .s.d.r.c.RepositoryConfigurationDelegate : Bootstrapping Spring Data JPA repositories in DEFAULT mode.
2023-09-06T14:51:08.573+02:00  INFO 12312 --- [           main] .s.d.r.c.RepositoryConfigurationDelegate : Finished Spring Data repository scanning in 62 ms. Found 2 JPA repository interfaces.
2023-09-06T14:51:08.720+02:00  INFO 12312 --- [           main] com.zaxxer.hikari.HikariDataSource       : HikariPool-10 - Starting...
2023-09-06T14:51:08.722+02:00  INFO 12312 --- [           main] com.zaxxer.hikari.pool.HikariPool        : HikariPool-10 - Added connection conn90: url=jdbc:h2:mem:testdb user=SA
2023-09-06T14:51:08.722+02:00  INFO 12312 --- [           main] com.zaxxer.hikari.HikariDataSource       : HikariPool-10 - Start completed.
2023-09-06T14:51:08.724+02:00  INFO 12312 --- [           main] o.hibernate.jpa.internal.util.LogHelper  : HHH000204: Processing PersistenceUnitInfo [name: default]
2023-09-06T14:51:08.739+02:00  INFO 12312 --- [           main] o.h.b.i.BytecodeProviderInitiator        : HHH000021: Bytecode provider name : bytebuddy
2023-09-06T14:51:08.740+02:00  INFO 12312 --- [           main] o.s.o.j.p.SpringPersistenceUnitInfo      : No LoadTimeWeaver setup: ignoring JPA class transformer
2023-09-06T14:51:08.743+02:00  INFO 12312 --- [           main] org.hibernate.orm.dialect                : HHH035001: Using dialect: org.hibernate.dialect.H2Dialect, version: 2.1.214
2023-09-06T14:51:08.762+02:00  INFO 12312 --- [           main] o.h.b.i.BytecodeProviderInitiator        : HHH000021: Bytecode provider name : bytebuddy
2023-09-06T14:51:08.832+02:00  INFO 12312 --- [           main] o.h.e.t.j.p.i.JtaPlatformInitiator       : HHH000490: Using JtaPlatform implementation: [org.hibernate.engine.transaction.jta.platform.internal.NoJtaPlatform]
2023-09-06T14:51:08.844+02:00  INFO 12312 --- [           main] o.h.t.s.i.e.GenerationTargetToDatabase   : HHH000476: Executing script '[injected ScriptSourceInputNonExistentImpl script]'
2023-09-06T14:51:08.845+02:00  INFO 12312 --- [           main] j.LocalContainerEntityManagerFactoryBean : Initialized JPA EntityManagerFactory for persistence unit 'default'
2023-09-06T14:51:09.017+02:00  WARN 12312 --- [           main] JpaBaseConfiguration$JpaWebConfiguration : spring.jpa.open-in-view is enabled by default. Therefore, database queries may be performed during view rendering. Explicitly configure spring.jpa.open-in-view to disable this warning
2023-09-06T14:51:09.184+02:00  INFO 12312 --- [           main] o.s.b.t.m.w.SpringBootMockServletContext : Initializing Spring TestDispatcherServlet ''
2023-09-06T14:51:09.184+02:00  INFO 12312 --- [           main] o.s.t.web.servlet.TestDispatcherServlet  : Initializing Servlet ''
2023-09-06T14:51:09.185+02:00  INFO 12312 --- [           main] o.s.t.web.servlet.TestDispatcherServlet  : Completed initialization in 1 ms
2023-09-06T14:51:09.208+02:00  INFO 12312 --- [           main] c.d.d.c.AuthorControllerIntegrationTests : Started AuthorControllerIntegrationTests in 1.081 seconds (process running for 20.712)
2023-09-06T14:51:09.265+02:00  INFO 12312 --- [           main] j.LocalContainerEntityManagerFactoryBean : Closing JPA EntityManagerFactory for persistence unit 'default'
2023-09-06T14:51:09.265+02:00  INFO 12312 --- [           main] .SchemaDropperImpl$DelayedDropActionImpl : HHH000477: Starting delayed evictData of schema as part of SessionFactory shut-down'
2023-09-06T14:51:09.267+02:00  INFO 12312 --- [           main] com.zaxxer.hikari.HikariDataSource       : HikariPool-10 - Shutdown initiated...
2023-09-06T14:51:09.270+02:00  INFO 12312 --- [           main] com.zaxxer.hikari.HikariDataSource       : HikariPool-10 - Shutdown completed.
]]></system-out>
  </testcase>
  <testcase name="testThatGetAuthorReturnsHttpStatus200WhenAuthorExist" classname="com.devtiro.database.controllers.AuthorControllerIntegrationTests" time="0.043">
    <system-out><![CDATA[  ____              _                 _____ _____
 |  _ \            | |          /\   |  __ \_   _|
 | |_) | ___   ___ | | _____   /  \  | |__) || |
 |  _ < / _ \ / _ \| |/ / __| / /\ \ |  ___/ | |
 | |_) | (_) | (_) |   <\__ \/ ____ \| |    _| |_
 |____/ \___/ \___/|_|\_\___/_/    \_\_|   |_____|
==================================================

2023-09-06T14:51:09.362+02:00  INFO 12312 --- [           main] c.d.d.c.AuthorControllerIntegrationTests : Starting AuthorControllerIntegrationTests using Java 20.0.2 with PID 12312 (started by andri in C:\Users\andri\OneDrive\Desktop\spring\course-spring-boot\10_rest_api\16_pagination\database)
2023-09-06T14:51:09.362+02:00  INFO 12312 --- [           main] c.d.d.c.AuthorControllerIntegrationTests : No active profile set, falling back to 1 default profile: "default"
2023-09-06T14:51:09.755+02:00  INFO 12312 --- [           main] .s.d.r.c.RepositoryConfigurationDelegate : Bootstrapping Spring Data JPA repositories in DEFAULT mode.
2023-09-06T14:51:09.790+02:00  INFO 12312 --- [           main] .s.d.r.c.RepositoryConfigurationDelegate : Finished Spring Data repository scanning in 35 ms. Found 2 JPA repository interfaces.
2023-09-06T14:51:09.898+02:00  INFO 12312 --- [           main] com.zaxxer.hikari.HikariDataSource       : HikariPool-11 - Starting...
2023-09-06T14:51:09.900+02:00  INFO 12312 --- [           main] com.zaxxer.hikari.pool.HikariPool        : HikariPool-11 - Added connection conn100: url=jdbc:h2:mem:testdb user=SA
2023-09-06T14:51:09.900+02:00  INFO 12312 --- [           main] com.zaxxer.hikari.HikariDataSource       : HikariPool-11 - Start completed.
2023-09-06T14:51:09.903+02:00  INFO 12312 --- [           main] o.hibernate.jpa.internal.util.LogHelper  : HHH000204: Processing PersistenceUnitInfo [name: default]
2023-09-06T14:51:09.916+02:00  INFO 12312 --- [           main] o.h.b.i.BytecodeProviderInitiator        : HHH000021: Bytecode provider name : bytebuddy
2023-09-06T14:51:09.916+02:00  INFO 12312 --- [           main] o.s.o.j.p.SpringPersistenceUnitInfo      : No LoadTimeWeaver setup: ignoring JPA class transformer
2023-09-06T14:51:09.917+02:00  INFO 12312 --- [           main] org.hibernate.orm.dialect                : HHH035001: Using dialect: org.hibernate.dialect.H2Dialect, version: 2.1.214
2023-09-06T14:51:09.930+02:00  INFO 12312 --- [           main] o.h.b.i.BytecodeProviderInitiator        : HHH000021: Bytecode provider name : bytebuddy
2023-09-06T14:51:09.973+02:00  INFO 12312 --- [           main] o.h.e.t.j.p.i.JtaPlatformInitiator       : HHH000490: Using JtaPlatform implementation: [org.hibernate.engine.transaction.jta.platform.internal.NoJtaPlatform]
2023-09-06T14:51:09.981+02:00  INFO 12312 --- [           main] o.h.t.s.i.e.GenerationTargetToDatabase   : HHH000476: Executing script '[injected ScriptSourceInputNonExistentImpl script]'
2023-09-06T14:51:09.982+02:00  INFO 12312 --- [           main] j.LocalContainerEntityManagerFactoryBean : Initialized JPA EntityManagerFactory for persistence unit 'default'
2023-09-06T14:51:10.073+02:00  WARN 12312 --- [           main] JpaBaseConfiguration$JpaWebConfiguration : spring.jpa.open-in-view is enabled by default. Therefore, database queries may be performed during view rendering. Explicitly configure spring.jpa.open-in-view to disable this warning
2023-09-06T14:51:10.208+02:00  INFO 12312 --- [           main] o.s.b.t.m.w.SpringBootMockServletContext : Initializing Spring TestDispatcherServlet ''
2023-09-06T14:51:10.209+02:00  INFO 12312 --- [           main] o.s.t.web.servlet.TestDispatcherServlet  : Initializing Servlet ''
2023-09-06T14:51:10.210+02:00  INFO 12312 --- [           main] o.s.t.web.servlet.TestDispatcherServlet  : Completed initialization in 1 ms
2023-09-06T14:51:10.220+02:00  INFO 12312 --- [           main] c.d.d.c.AuthorControllerIntegrationTests : Started AuthorControllerIntegrationTests in 0.946 seconds (process running for 21.724)
2023-09-06T14:51:10.262+02:00  INFO 12312 --- [           main] j.LocalContainerEntityManagerFactoryBean : Closing JPA EntityManagerFactory for persistence unit 'default'
2023-09-06T14:51:10.262+02:00  INFO 12312 --- [           main] .SchemaDropperImpl$DelayedDropActionImpl : HHH000477: Starting delayed evictData of schema as part of SessionFactory shut-down'
2023-09-06T14:51:10.265+02:00  INFO 12312 --- [           main] com.zaxxer.hikari.HikariDataSource       : HikariPool-11 - Shutdown initiated...
2023-09-06T14:51:10.266+02:00  INFO 12312 --- [           main] com.zaxxer.hikari.HikariDataSource       : HikariPool-11 - Shutdown completed.
]]></system-out>
  </testcase>
  <testcase name="testThatGetAuthorReturnsAuthorWhenAuthorExist" classname="com.devtiro.database.controllers.AuthorControllerIntegrationTests" time="0.036">
    <system-out><![CDATA[  ____              _                 _____ _____
 |  _ \            | |          /\   |  __ \_   _|
 | |_) | ___   ___ | | _____   /  \  | |__) || |
 |  _ < / _ \ / _ \| |/ / __| / /\ \ |  ___/ | |
 | |_) | (_) | (_) |   <\__ \/ ____ \| |    _| |_
 |____/ \___/ \___/|_|\_\___/_/    \_\_|   |_____|
==================================================

2023-09-06T14:51:10.308+02:00  INFO 12312 --- [           main] c.d.d.c.AuthorControllerIntegrationTests : Starting AuthorControllerIntegrationTests using Java 20.0.2 with PID 12312 (started by andri in C:\Users\andri\OneDrive\Desktop\spring\course-spring-boot\10_rest_api\16_pagination\database)
2023-09-06T14:51:10.308+02:00  INFO 12312 --- [           main] c.d.d.c.AuthorControllerIntegrationTests : No active profile set, falling back to 1 default profile: "default"
2023-09-06T14:51:10.505+02:00  INFO 12312 --- [           main] .s.d.r.c.RepositoryConfigurationDelegate : Bootstrapping Spring Data JPA repositories in DEFAULT mode.
2023-09-06T14:51:10.528+02:00  INFO 12312 --- [           main] .s.d.r.c.RepositoryConfigurationDelegate : Finished Spring Data repository scanning in 21 ms. Found 2 JPA repository interfaces.
2023-09-06T14:51:10.598+02:00  INFO 12312 --- [           main] com.zaxxer.hikari.HikariDataSource       : HikariPool-12 - Starting...
2023-09-06T14:51:10.599+02:00  INFO 12312 --- [           main] com.zaxxer.hikari.pool.HikariPool        : HikariPool-12 - Added connection conn110: url=jdbc:h2:mem:testdb user=SA
2023-09-06T14:51:10.599+02:00  INFO 12312 --- [           main] com.zaxxer.hikari.HikariDataSource       : HikariPool-12 - Start completed.
2023-09-06T14:51:10.601+02:00  INFO 12312 --- [           main] o.hibernate.jpa.internal.util.LogHelper  : HHH000204: Processing PersistenceUnitInfo [name: default]
2023-09-06T14:51:10.609+02:00  INFO 12312 --- [           main] o.h.b.i.BytecodeProviderInitiator        : HHH000021: Bytecode provider name : bytebuddy
2023-09-06T14:51:10.611+02:00  INFO 12312 --- [           main] o.s.o.j.p.SpringPersistenceUnitInfo      : No LoadTimeWeaver setup: ignoring JPA class transformer
2023-09-06T14:51:10.613+02:00  INFO 12312 --- [           main] org.hibernate.orm.dialect                : HHH035001: Using dialect: org.hibernate.dialect.H2Dialect, version: 2.1.214
2023-09-06T14:51:10.636+02:00  INFO 12312 --- [           main] o.h.b.i.BytecodeProviderInitiator        : HHH000021: Bytecode provider name : bytebuddy
2023-09-06T14:51:10.687+02:00  INFO 12312 --- [           main] o.h.e.t.j.p.i.JtaPlatformInitiator       : HHH000490: Using JtaPlatform implementation: [org.hibernate.engine.transaction.jta.platform.internal.NoJtaPlatform]
2023-09-06T14:51:10.696+02:00  INFO 12312 --- [           main] o.h.t.s.i.e.GenerationTargetToDatabase   : HHH000476: Executing script '[injected ScriptSourceInputNonExistentImpl script]'
2023-09-06T14:51:10.696+02:00  INFO 12312 --- [           main] j.LocalContainerEntityManagerFactoryBean : Initialized JPA EntityManagerFactory for persistence unit 'default'
2023-09-06T14:51:10.785+02:00  WARN 12312 --- [           main] JpaBaseConfiguration$JpaWebConfiguration : spring.jpa.open-in-view is enabled by default. Therefore, database queries may be performed during view rendering. Explicitly configure spring.jpa.open-in-view to disable this warning
2023-09-06T14:51:10.917+02:00  INFO 12312 --- [           main] o.s.b.t.m.w.SpringBootMockServletContext : Initializing Spring TestDispatcherServlet ''
2023-09-06T14:51:10.917+02:00  INFO 12312 --- [           main] o.s.t.web.servlet.TestDispatcherServlet  : Initializing Servlet ''
2023-09-06T14:51:10.918+02:00  INFO 12312 --- [           main] o.s.t.web.servlet.TestDispatcherServlet  : Completed initialization in 1 ms
2023-09-06T14:51:10.928+02:00  INFO 12312 --- [           main] c.d.d.c.AuthorControllerIntegrationTests : Started AuthorControllerIntegrationTests in 0.657 seconds (process running for 22.431)
2023-09-06T14:51:10.963+02:00  INFO 12312 --- [           main] j.LocalContainerEntityManagerFactoryBean : Closing JPA EntityManagerFactory for persistence unit 'default'
2023-09-06T14:51:10.963+02:00  INFO 12312 --- [           main] .SchemaDropperImpl$DelayedDropActionImpl : HHH000477: Starting delayed evictData of schema as part of SessionFactory shut-down'
2023-09-06T14:51:10.965+02:00  INFO 12312 --- [           main] com.zaxxer.hikari.HikariDataSource       : HikariPool-12 - Shutdown initiated...
2023-09-06T14:51:10.968+02:00  INFO 12312 --- [           main] com.zaxxer.hikari.HikariDataSource       : HikariPool-12 - Shutdown completed.
]]></system-out>
  </testcase>
  <testcase name="testThatPartialUpdateExistingAuthorReturnsHttpStatus20Ok" classname="com.devtiro.database.controllers.AuthorControllerIntegrationTests" time="0.098">
    <system-out><![CDATA[  ____              _                 _____ _____
 |  _ \            | |          /\   |  __ \_   _|
 | |_) | ___   ___ | | _____   /  \  | |__) || |
 |  _ < / _ \ / _ \| |/ / __| / /\ \ |  ___/ | |
 | |_) | (_) | (_) |   <\__ \/ ____ \| |    _| |_
 |____/ \___/ \___/|_|\_\___/_/    \_\_|   |_____|
==================================================

2023-09-06T14:51:11.007+02:00  INFO 12312 --- [           main] c.d.d.c.AuthorControllerIntegrationTests : Starting AuthorControllerIntegrationTests using Java 20.0.2 with PID 12312 (started by andri in C:\Users\andri\OneDrive\Desktop\spring\course-spring-boot\10_rest_api\16_pagination\database)
2023-09-06T14:51:11.008+02:00  INFO 12312 --- [           main] c.d.d.c.AuthorControllerIntegrationTests : No active profile set, falling back to 1 default profile: "default"
2023-09-06T14:51:11.259+02:00  INFO 12312 --- [           main] .s.d.r.c.RepositoryConfigurationDelegate : Bootstrapping Spring Data JPA repositories in DEFAULT mode.
2023-09-06T14:51:11.287+02:00  INFO 12312 --- [           main] .s.d.r.c.RepositoryConfigurationDelegate : Finished Spring Data repository scanning in 28 ms. Found 2 JPA repository interfaces.
2023-09-06T14:51:11.386+02:00  INFO 12312 --- [           main] com.zaxxer.hikari.HikariDataSource       : HikariPool-13 - Starting...
2023-09-06T14:51:11.388+02:00  INFO 12312 --- [           main] com.zaxxer.hikari.pool.HikariPool        : HikariPool-13 - Added connection conn120: url=jdbc:h2:mem:testdb user=SA
2023-09-06T14:51:11.388+02:00  INFO 12312 --- [           main] com.zaxxer.hikari.HikariDataSource       : HikariPool-13 - Start completed.
2023-09-06T14:51:11.390+02:00  INFO 12312 --- [           main] o.hibernate.jpa.internal.util.LogHelper  : HHH000204: Processing PersistenceUnitInfo [name: default]
2023-09-06T14:51:11.404+02:00  INFO 12312 --- [           main] o.h.b.i.BytecodeProviderInitiator        : HHH000021: Bytecode provider name : bytebuddy
2023-09-06T14:51:11.404+02:00  INFO 12312 --- [           main] o.s.o.j.p.SpringPersistenceUnitInfo      : No LoadTimeWeaver setup: ignoring JPA class transformer
2023-09-06T14:51:11.405+02:00  INFO 12312 --- [           main] org.hibernate.orm.dialect                : HHH035001: Using dialect: org.hibernate.dialect.H2Dialect, version: 2.1.214
2023-09-06T14:51:11.425+02:00  INFO 12312 --- [           main] o.h.b.i.BytecodeProviderInitiator        : HHH000021: Bytecode provider name : bytebuddy
2023-09-06T14:51:11.469+02:00  INFO 12312 --- [           main] o.h.e.t.j.p.i.JtaPlatformInitiator       : HHH000490: Using JtaPlatform implementation: [org.hibernate.engine.transaction.jta.platform.internal.NoJtaPlatform]
2023-09-06T14:51:11.477+02:00  INFO 12312 --- [           main] o.h.t.s.i.e.GenerationTargetToDatabase   : HHH000476: Executing script '[injected ScriptSourceInputNonExistentImpl script]'
2023-09-06T14:51:11.477+02:00  INFO 12312 --- [           main] j.LocalContainerEntityManagerFactoryBean : Initialized JPA EntityManagerFactory for persistence unit 'default'
2023-09-06T14:51:11.580+02:00  WARN 12312 --- [           main] JpaBaseConfiguration$JpaWebConfiguration : spring.jpa.open-in-view is enabled by default. Therefore, database queries may be performed during view rendering. Explicitly configure spring.jpa.open-in-view to disable this warning
2023-09-06T14:51:11.745+02:00  INFO 12312 --- [           main] o.s.b.t.m.w.SpringBootMockServletContext : Initializing Spring TestDispatcherServlet ''
2023-09-06T14:51:11.746+02:00  INFO 12312 --- [           main] o.s.t.web.servlet.TestDispatcherServlet  : Initializing Servlet ''
2023-09-06T14:51:11.747+02:00  INFO 12312 --- [           main] o.s.t.web.servlet.TestDispatcherServlet  : Completed initialization in 1 ms
2023-09-06T14:51:11.758+02:00  INFO 12312 --- [           main] c.d.d.c.AuthorControllerIntegrationTests : Started AuthorControllerIntegrationTests in 0.785 seconds (process running for 23.262)
2023-09-06T14:51:11.853+02:00  INFO 12312 --- [           main] j.LocalContainerEntityManagerFactoryBean : Closing JPA EntityManagerFactory for persistence unit 'default'
2023-09-06T14:51:11.854+02:00  INFO 12312 --- [           main] .SchemaDropperImpl$DelayedDropActionImpl : HHH000477: Starting delayed evictData of schema as part of SessionFactory shut-down'
2023-09-06T14:51:11.859+02:00  INFO 12312 --- [           main] com.zaxxer.hikari.HikariDataSource       : HikariPool-13 - Shutdown initiated...
2023-09-06T14:51:11.864+02:00  INFO 12312 --- [           main] com.zaxxer.hikari.HikariDataSource       : HikariPool-13 - Shutdown completed.
]]></system-out>
  </testcase>
  <testcase name="testThatCreateAuthorSuccessfullyReturnsSavedAuthor" classname="com.devtiro.database.controllers.AuthorControllerIntegrationTests" time="0.027">
    <system-out><![CDATA[  ____              _                 _____ _____
 |  _ \            | |          /\   |  __ \_   _|
 | |_) | ___   ___ | | _____   /  \  | |__) || |
 |  _ < / _ \ / _ \| |/ / __| / /\ \ |  ___/ | |
 | |_) | (_) | (_) |   <\__ \/ ____ \| |    _| |_
 |____/ \___/ \___/|_|\_\___/_/    \_\_|   |_____|
==================================================

2023-09-06T14:51:11.906+02:00  INFO 12312 --- [           main] c.d.d.c.AuthorControllerIntegrationTests : Starting AuthorControllerIntegrationTests using Java 20.0.2 with PID 12312 (started by andri in C:\Users\andri\OneDrive\Desktop\spring\course-spring-boot\10_rest_api\16_pagination\database)
2023-09-06T14:51:11.907+02:00  INFO 12312 --- [           main] c.d.d.c.AuthorControllerIntegrationTests : No active profile set, falling back to 1 default profile: "default"
2023-09-06T14:51:12.122+02:00  INFO 12312 --- [           main] .s.d.r.c.RepositoryConfigurationDelegate : Bootstrapping Spring Data JPA repositories in DEFAULT mode.
2023-09-06T14:51:12.141+02:00  INFO 12312 --- [           main] .s.d.r.c.RepositoryConfigurationDelegate : Finished Spring Data repository scanning in 17 ms. Found 2 JPA repository interfaces.
2023-09-06T14:51:12.223+02:00  INFO 12312 --- [           main] com.zaxxer.hikari.HikariDataSource       : HikariPool-14 - Starting...
2023-09-06T14:51:12.225+02:00  INFO 12312 --- [           main] com.zaxxer.hikari.pool.HikariPool        : HikariPool-14 - Added connection conn130: url=jdbc:h2:mem:testdb user=SA
2023-09-06T14:51:12.225+02:00  INFO 12312 --- [           main] com.zaxxer.hikari.HikariDataSource       : HikariPool-14 - Start completed.
2023-09-06T14:51:12.227+02:00  INFO 12312 --- [           main] o.hibernate.jpa.internal.util.LogHelper  : HHH000204: Processing PersistenceUnitInfo [name: default]
2023-09-06T14:51:12.239+02:00  INFO 12312 --- [           main] o.h.b.i.BytecodeProviderInitiator        : HHH000021: Bytecode provider name : bytebuddy
2023-09-06T14:51:12.240+02:00  INFO 12312 --- [           main] o.s.o.j.p.SpringPersistenceUnitInfo      : No LoadTimeWeaver setup: ignoring JPA class transformer
2023-09-06T14:51:12.241+02:00  INFO 12312 --- [           main] org.hibernate.orm.dialect                : HHH035001: Using dialect: org.hibernate.dialect.H2Dialect, version: 2.1.214
2023-09-06T14:51:12.258+02:00  INFO 12312 --- [           main] o.h.b.i.BytecodeProviderInitiator        : HHH000021: Bytecode provider name : bytebuddy
2023-09-06T14:51:12.303+02:00  INFO 12312 --- [           main] o.h.e.t.j.p.i.JtaPlatformInitiator       : HHH000490: Using JtaPlatform implementation: [org.hibernate.engine.transaction.jta.platform.internal.NoJtaPlatform]
2023-09-06T14:51:12.309+02:00  INFO 12312 --- [           main] o.h.t.s.i.e.GenerationTargetToDatabase   : HHH000476: Executing script '[injected ScriptSourceInputNonExistentImpl script]'
2023-09-06T14:51:12.309+02:00  INFO 12312 --- [           main] j.LocalContainerEntityManagerFactoryBean : Initialized JPA EntityManagerFactory for persistence unit 'default'
2023-09-06T14:51:12.379+02:00  WARN 12312 --- [           main] JpaBaseConfiguration$JpaWebConfiguration : spring.jpa.open-in-view is enabled by default. Therefore, database queries may be performed during view rendering. Explicitly configure spring.jpa.open-in-view to disable this warning
2023-09-06T14:51:12.463+02:00  INFO 12312 --- [           main] o.s.b.t.m.w.SpringBootMockServletContext : Initializing Spring TestDispatcherServlet ''
2023-09-06T14:51:12.463+02:00  INFO 12312 --- [           main] o.s.t.web.servlet.TestDispatcherServlet  : Initializing Servlet ''
2023-09-06T14:51:12.464+02:00  INFO 12312 --- [           main] o.s.t.web.servlet.TestDispatcherServlet  : Completed initialization in 1 ms
2023-09-06T14:51:12.473+02:00  INFO 12312 --- [           main] c.d.d.c.AuthorControllerIntegrationTests : Started AuthorControllerIntegrationTests in 0.606 seconds (process running for 23.977)
2023-09-06T14:51:12.498+02:00  INFO 12312 --- [           main] j.LocalContainerEntityManagerFactoryBean : Closing JPA EntityManagerFactory for persistence unit 'default'
2023-09-06T14:51:12.500+02:00  INFO 12312 --- [           main] .SchemaDropperImpl$DelayedDropActionImpl : HHH000477: Starting delayed evictData of schema as part of SessionFactory shut-down'
2023-09-06T14:51:12.501+02:00  INFO 12312 --- [           main] com.zaxxer.hikari.HikariDataSource       : HikariPool-14 - Shutdown initiated...
2023-09-06T14:51:12.502+02:00  INFO 12312 --- [           main] com.zaxxer.hikari.HikariDataSource       : HikariPool-14 - Shutdown completed.
]]></system-out>
  </testcase>
  <testcase name="testThatFullUpdateAuthorReturnsHttpStatus4200WhenAuthorExists" classname="com.devtiro.database.controllers.AuthorControllerIntegrationTests" time="0.034">
    <system-out><![CDATA[  ____              _                 _____ _____
 |  _ \            | |          /\   |  __ \_   _|
 | |_) | ___   ___ | | _____   /  \  | |__) || |
 |  _ < / _ \ / _ \| |/ / __| / /\ \ |  ___/ | |
 | |_) | (_) | (_) |   <\__ \/ ____ \| |    _| |_
 |____/ \___/ \___/|_|\_\___/_/    \_\_|   |_____|
==================================================

2023-09-06T14:51:12.538+02:00  INFO 12312 --- [           main] c.d.d.c.AuthorControllerIntegrationTests : Starting AuthorControllerIntegrationTests using Java 20.0.2 with PID 12312 (started by andri in C:\Users\andri\OneDrive\Desktop\spring\course-spring-boot\10_rest_api\16_pagination\database)
2023-09-06T14:51:12.539+02:00  INFO 12312 --- [           main] c.d.d.c.AuthorControllerIntegrationTests : No active profile set, falling back to 1 default profile: "default"
2023-09-06T14:51:12.726+02:00  INFO 12312 --- [           main] .s.d.r.c.RepositoryConfigurationDelegate : Bootstrapping Spring Data JPA repositories in DEFAULT mode.
2023-09-06T14:51:12.742+02:00  INFO 12312 --- [           main] .s.d.r.c.RepositoryConfigurationDelegate : Finished Spring Data repository scanning in 15 ms. Found 2 JPA repository interfaces.
2023-09-06T14:51:12.805+02:00  INFO 12312 --- [           main] com.zaxxer.hikari.HikariDataSource       : HikariPool-15 - Starting...
2023-09-06T14:51:12.808+02:00  INFO 12312 --- [           main] com.zaxxer.hikari.pool.HikariPool        : HikariPool-15 - Added connection conn140: url=jdbc:h2:mem:testdb user=SA
2023-09-06T14:51:12.808+02:00  INFO 12312 --- [           main] com.zaxxer.hikari.HikariDataSource       : HikariPool-15 - Start completed.
2023-09-06T14:51:12.809+02:00  INFO 12312 --- [           main] o.hibernate.jpa.internal.util.LogHelper  : HHH000204: Processing PersistenceUnitInfo [name: default]
2023-09-06T14:51:12.821+02:00  INFO 12312 --- [           main] o.h.b.i.BytecodeProviderInitiator        : HHH000021: Bytecode provider name : bytebuddy
2023-09-06T14:51:12.822+02:00  INFO 12312 --- [           main] o.s.o.j.p.SpringPersistenceUnitInfo      : No LoadTimeWeaver setup: ignoring JPA class transformer
2023-09-06T14:51:12.823+02:00  INFO 12312 --- [           main] org.hibernate.orm.dialect                : HHH035001: Using dialect: org.hibernate.dialect.H2Dialect, version: 2.1.214
2023-09-06T14:51:12.836+02:00  INFO 12312 --- [           main] o.h.b.i.BytecodeProviderInitiator        : HHH000021: Bytecode provider name : bytebuddy
2023-09-06T14:51:12.869+02:00  INFO 12312 --- [           main] o.h.e.t.j.p.i.JtaPlatformInitiator       : HHH000490: Using JtaPlatform implementation: [org.hibernate.engine.transaction.jta.platform.internal.NoJtaPlatform]
2023-09-06T14:51:12.875+02:00  INFO 12312 --- [           main] o.h.t.s.i.e.GenerationTargetToDatabase   : HHH000476: Executing script '[injected ScriptSourceInputNonExistentImpl script]'
2023-09-06T14:51:12.876+02:00  INFO 12312 --- [           main] j.LocalContainerEntityManagerFactoryBean : Initialized JPA EntityManagerFactory for persistence unit 'default'
2023-09-06T14:51:12.943+02:00  WARN 12312 --- [           main] JpaBaseConfiguration$JpaWebConfiguration : spring.jpa.open-in-view is enabled by default. Therefore, database queries may be performed during view rendering. Explicitly configure spring.jpa.open-in-view to disable this warning
2023-09-06T14:51:13.051+02:00  INFO 12312 --- [           main] o.s.b.t.m.w.SpringBootMockServletContext : Initializing Spring TestDispatcherServlet ''
2023-09-06T14:51:13.051+02:00  INFO 12312 --- [           main] o.s.t.web.servlet.TestDispatcherServlet  : Initializing Servlet ''
2023-09-06T14:51:13.052+02:00  INFO 12312 --- [           main] o.s.t.web.servlet.TestDispatcherServlet  : Completed initialization in 1 ms
2023-09-06T14:51:13.057+02:00  INFO 12312 --- [           main] c.d.d.c.AuthorControllerIntegrationTests : Started AuthorControllerIntegrationTests in 0.552 seconds (process running for 24.561)
2023-09-06T14:51:13.090+02:00  INFO 12312 --- [           main] j.LocalContainerEntityManagerFactoryBean : Closing JPA EntityManagerFactory for persistence unit 'default'
2023-09-06T14:51:13.090+02:00  INFO 12312 --- [           main] .SchemaDropperImpl$DelayedDropActionImpl : HHH000477: Starting delayed evictData of schema as part of SessionFactory shut-down'
2023-09-06T14:51:13.092+02:00  INFO 12312 --- [           main] com.zaxxer.hikari.HikariDataSource       : HikariPool-15 - Shutdown initiated...
2023-09-06T14:51:13.093+02:00  INFO 12312 --- [           main] com.zaxxer.hikari.HikariDataSource       : HikariPool-15 - Shutdown completed.
]]></system-out>
  </testcase>
</testsuite>