<?xml version="1.0" encoding="UTF-8"?>
<testsuite xmlns:xsi="http://www.w3.org/2001/XMLSchema-instance" xsi:noNamespaceSchemaLocation="https://maven.apache.org/surefire/maven-surefire-plugin/xsd/surefire-test-report-3.0.xsd" version="3.0" name="com.devtiro.database.controllers.BooksControllerIntegrationTests" time="6.706" tests="11" errors="0" skipped="0" failures="0">
  <properties>
[...]
</properties>
  <testcase name="testThatUpdateBookReturnsUpdatedBook" classname="com.devtiro.database.controllers.BooksControllerIntegrationTests" time="0.072">
    <system-out><![CDATA[2023-09-06T14:51:13.119+02:00  INFO 12312 --- [           main] t.c.s.AnnotationConfigContextLoaderUtils : Could not detect default configuration classes for test class [com.devtiro.database.controllers.BooksControllerIntegrationTests]: BooksControllerIntegrationTests does not declare any static, non-private, non-final, nested classes annotated with @Configuration.
2023-09-06T14:51:13.123+02:00  INFO 12312 --- [           main] .b.t.c.SpringBootTestContextBootstrapper : Found @SpringBootConfiguration com.devtiro.database.BooksApiApplication for test class com.devtiro.database.controllers.BooksControllerIntegrationTests
  ____              _                 _____ _____
 |  _ \            | |          /\   |  __ \_   _|
 | |_) | ___   ___ | | _____   /  \  | |__) || |
 |  _ < / _ \ / _ \| |/ / __| / /\ \ |  ___/ | |
 | |_) | (_) | (_) |   <\__ \/ ____ \| |    _| |_
 |____/ \___/ \___/|_|\_\___/_/    \_\_|   |_____|
==================================================

2023-09-06T14:51:13.174+02:00  INFO 12312 --- [           main] c.d.d.c.BooksControllerIntegrationTests  : Starting BooksControllerIntegrationTests using Java 20.0.2 with PID 12312 (started by andri in C:\Users\andri\OneDrive\Desktop\spring\course-spring-boot\10_rest_api\16_pagination\database)
2023-09-06T14:51:13.175+02:00  INFO 12312 --- [           main] c.d.d.c.BooksControllerIntegrationTests  : No active profile set, falling back to 1 default profile: "default"
2023-09-06T14:51:13.429+02:00  INFO 12312 --- [           main] .s.d.r.c.RepositoryConfigurationDelegate : Bootstrapping Spring Data JPA repositories in DEFAULT mode.
2023-09-06T14:51:13.452+02:00  INFO 12312 --- [           main] .s.d.r.c.RepositoryConfigurationDelegate : Finished Spring Data repository scanning in 23 ms. Found 2 JPA repository interfaces.
2023-09-06T14:51:13.589+02:00  INFO 12312 --- [           main] com.zaxxer.hikari.HikariDataSource       : HikariPool-16 - Starting...
2023-09-06T14:51:13.590+02:00  INFO 12312 --- [           main] com.zaxxer.hikari.pool.HikariPool        : HikariPool-16 - Added connection conn150: url=jdbc:h2:mem:testdb user=SA
2023-09-06T14:51:13.591+02:00  INFO 12312 --- [           main] com.zaxxer.hikari.HikariDataSource       : HikariPool-16 - Start completed.
2023-09-06T14:51:13.592+02:00  INFO 12312 --- [           main] o.hibernate.jpa.internal.util.LogHelper  : HHH000204: Processing PersistenceUnitInfo [name: default]
2023-09-06T14:51:13.606+02:00  INFO 12312 --- [           main] o.h.b.i.BytecodeProviderInitiator        : HHH000021: Bytecode provider name : bytebuddy
2023-09-06T14:51:13.607+02:00  INFO 12312 --- [           main] o.s.o.j.p.SpringPersistenceUnitInfo      : No LoadTimeWeaver setup: ignoring JPA class transformer
2023-09-06T14:51:13.609+02:00  INFO 12312 --- [           main] org.hibernate.orm.dialect                : HHH035001: Using dialect: org.hibernate.dialect.H2Dialect, version: 2.1.214
2023-09-06T14:51:13.634+02:00  INFO 12312 --- [           main] o.h.b.i.BytecodeProviderInitiator        : HHH000021: Bytecode provider name : bytebuddy
2023-09-06T14:51:13.675+02:00  INFO 12312 --- [           main] o.h.e.t.j.p.i.JtaPlatformInitiator       : HHH000490: Using JtaPlatform implementation: [org.hibernate.engine.transaction.jta.platform.internal.NoJtaPlatform]
2023-09-06T14:51:13.683+02:00  INFO 12312 --- [           main] o.h.t.s.i.e.GenerationTargetToDatabase   : HHH000476: Executing script '[injected ScriptSourceInputNonExistentImpl script]'
2023-09-06T14:51:13.684+02:00  INFO 12312 --- [           main] j.LocalContainerEntityManagerFactoryBean : Initialized JPA EntityManagerFactory for persistence unit 'default'
2023-09-06T14:51:13.777+02:00  WARN 12312 --- [           main] JpaBaseConfiguration$JpaWebConfiguration : spring.jpa.open-in-view is enabled by default. Therefore, database queries may be performed during view rendering. Explicitly configure spring.jpa.open-in-view to disable this warning
2023-09-06T14:51:13.883+02:00  INFO 12312 --- [           main] o.s.b.t.m.w.SpringBootMockServletContext : Initializing Spring TestDispatcherServlet ''
2023-09-06T14:51:13.883+02:00  INFO 12312 --- [           main] o.s.t.web.servlet.TestDispatcherServlet  : Initializing Servlet ''
2023-09-06T14:51:13.884+02:00  INFO 12312 --- [           main] o.s.t.web.servlet.TestDispatcherServlet  : Completed initialization in 1 ms
2023-09-06T14:51:13.893+02:00  INFO 12312 --- [           main] c.d.d.c.BooksControllerIntegrationTests  : Started BooksControllerIntegrationTests in 0.764 seconds (process running for 25.396)
2023-09-06T14:51:13.966+02:00  INFO 12312 --- [           main] j.LocalContainerEntityManagerFactoryBean : Closing JPA EntityManagerFactory for persistence unit 'default'
2023-09-06T14:51:13.966+02:00  INFO 12312 --- [           main] .SchemaDropperImpl$DelayedDropActionImpl : HHH000477: Starting delayed evictData of schema as part of SessionFactory shut-down'
2023-09-06T14:51:13.968+02:00  INFO 12312 --- [           main] com.zaxxer.hikari.HikariDataSource       : HikariPool-16 - Shutdown initiated...
2023-09-06T14:51:13.969+02:00  INFO 12312 --- [           main] com.zaxxer.hikari.HikariDataSource       : HikariPool-16 - Shutdown completed.
]]></system-out>
  </testcase>
  <testcase name="testThatPartialUpdateBookReturnsHttpStatus200Ok" classname="com.devtiro.database.controllers.BooksControllerIntegrationTests" time="0.044">
    <system-out><![CDATA[  ____              _                 _____ _____
 |  _ \            | |          /\   |  __ \_   _|
 | |_) | ___   ___ | | _____   /  \  | |__) || |
 |  _ < / _ \ / _ \| |/ / __| / /\ \ |  ___/ | |
 | |_) | (_) | (_) |   <\__ \/ ____ \| |    _| |_
 |____/ \___/ \___/|_|\_\___/_/    \_\_|   |_____|
==================================================

2023-09-06T14:51:14.003+02:00  INFO 12312 --- [           main] c.d.d.c.BooksControllerIntegrationTests  : Starting BooksControllerIntegrationTests using Java 20.0.2 with PID 12312 (started by andri in C:\Users\andri\OneDrive\Desktop\spring\course-spring-boot\10_rest_api\16_pagination\database)
2023-09-06T14:51:14.005+02:00  INFO 12312 --- [           main] c.d.d.c.BooksControllerIntegrationTests  : No active profile set, falling back to 1 default profile: "default"
2023-09-06T14:51:14.177+02:00  INFO 12312 --- [           main] .s.d.r.c.RepositoryConfigurationDelegate : Bootstrapping Spring Data JPA repositories in DEFAULT mode.
2023-09-06T14:51:14.194+02:00  INFO 12312 --- [           main] .s.d.r.c.RepositoryConfigurationDelegate : Finished Spring Data repository scanning in 15 ms. Found 2 JPA repository interfaces.
2023-09-06T14:51:14.249+02:00  INFO 12312 --- [           main] com.zaxxer.hikari.HikariDataSource       : HikariPool-17 - Starting...
2023-09-06T14:51:14.250+02:00  INFO 12312 --- [           main] com.zaxxer.hikari.pool.HikariPool        : HikariPool-17 - Added connection conn160: url=jdbc:h2:mem:testdb user=SA
2023-09-06T14:51:14.250+02:00  INFO 12312 --- [           main] com.zaxxer.hikari.HikariDataSource       : HikariPool-17 - Start completed.
2023-09-06T14:51:14.251+02:00  INFO 12312 --- [           main] o.hibernate.jpa.internal.util.LogHelper  : HHH000204: Processing PersistenceUnitInfo [name: default]
2023-09-06T14:51:14.262+02:00  INFO 12312 --- [           main] o.h.b.i.BytecodeProviderInitiator        : HHH000021: Bytecode provider name : bytebuddy
2023-09-06T14:51:14.263+02:00  INFO 12312 --- [           main] o.s.o.j.p.SpringPersistenceUnitInfo      : No LoadTimeWeaver setup: ignoring JPA class transformer
2023-09-06T14:51:14.264+02:00  INFO 12312 --- [           main] org.hibernate.orm.dialect                : HHH035001: Using dialect: org.hibernate.dialect.H2Dialect, version: 2.1.214
2023-09-06T14:51:14.276+02:00  INFO 12312 --- [           main] o.h.b.i.BytecodeProviderInitiator        : HHH000021: Bytecode provider name : bytebuddy
2023-09-06T14:51:14.309+02:00  INFO 12312 --- [           main] o.h.e.t.j.p.i.JtaPlatformInitiator       : HHH000490: Using JtaPlatform implementation: [org.hibernate.engine.transaction.jta.platform.internal.NoJtaPlatform]
2023-09-06T14:51:14.315+02:00  INFO 12312 --- [           main] o.h.t.s.i.e.GenerationTargetToDatabase   : HHH000476: Executing script '[injected ScriptSourceInputNonExistentImpl script]'
2023-09-06T14:51:14.315+02:00  INFO 12312 --- [           main] j.LocalContainerEntityManagerFactoryBean : Initialized JPA EntityManagerFactory for persistence unit 'default'
2023-09-06T14:51:14.379+02:00  WARN 12312 --- [           main] JpaBaseConfiguration$JpaWebConfiguration : spring.jpa.open-in-view is enabled by default. Therefore, database queries may be performed during view rendering. Explicitly configure spring.jpa.open-in-view to disable this warning
2023-09-06T14:51:14.455+02:00  INFO 12312 --- [           main] o.s.b.t.m.w.SpringBootMockServletContext : Initializing Spring TestDispatcherServlet ''
2023-09-06T14:51:14.456+02:00  INFO 12312 --- [           main] o.s.t.web.servlet.TestDispatcherServlet  : Initializing Servlet ''
2023-09-06T14:51:14.456+02:00  INFO 12312 --- [           main] o.s.t.web.servlet.TestDispatcherServlet  : Completed initialization in 0 ms
2023-09-06T14:51:14.466+02:00  INFO 12312 --- [           main] c.d.d.c.BooksControllerIntegrationTests  : Started BooksControllerIntegrationTests in 0.494 seconds (process running for 25.97)
2023-09-06T14:51:14.509+02:00  INFO 12312 --- [           main] j.LocalContainerEntityManagerFactoryBean : Closing JPA EntityManagerFactory for persistence unit 'default'
2023-09-06T14:51:14.509+02:00  INFO 12312 --- [           main] .SchemaDropperImpl$DelayedDropActionImpl : HHH000477: Starting delayed evictData of schema as part of SessionFactory shut-down'
2023-09-06T14:51:14.510+02:00  INFO 12312 --- [           main] com.zaxxer.hikari.HikariDataSource       : HikariPool-17 - Shutdown initiated...
2023-09-06T14:51:14.512+02:00  INFO 12312 --- [           main] com.zaxxer.hikari.HikariDataSource       : HikariPool-17 - Shutdown completed.
]]></system-out>
  </testcase>
  <testcase name="testThatDeleteExistingBookReturnsHttpStatus204NoContent" classname="com.devtiro.database.controllers.BooksControllerIntegrationTests" time="0.024">
    <system-out><![CDATA[  ____              _                 _____ _____
 |  _ \            | |          /\   |  __ \_   _|
 | |_) | ___   ___ | | _____   /  \  | |__) || |
 |  _ < / _ \ / _ \| |/ / __| / /\ \ |  ___/ | |
 | |_) | (_) | (_) |   <\__ \/ ____ \| |    _| |_
 |____/ \___/ \___/|_|\_\___/_/    \_\_|   |_____|
==================================================

2023-09-06T14:51:14.557+02:00  INFO 12312 --- [           main] c.d.d.c.BooksControllerIntegrationTests  : Starting BooksControllerIntegrationTests using Java 20.0.2 with PID 12312 (started by andri in C:\Users\andri\OneDrive\Desktop\spring\course-spring-boot\10_rest_api\16_pagination\database)
2023-09-06T14:51:14.557+02:00  INFO 12312 --- [           main] c.d.d.c.BooksControllerIntegrationTests  : No active profile set, falling back to 1 default profile: "default"
2023-09-06T14:51:14.829+02:00  INFO 12312 --- [           main] .s.d.r.c.RepositoryConfigurationDelegate : Bootstrapping Spring Data JPA repositories in DEFAULT mode.
2023-09-06T14:51:14.845+02:00  INFO 12312 --- [           main] .s.d.r.c.RepositoryConfigurationDelegate : Finished Spring Data repository scanning in 15 ms. Found 2 JPA repository interfaces.
2023-09-06T14:51:14.902+02:00  INFO 12312 --- [           main] com.zaxxer.hikari.HikariDataSource       : HikariPool-18 - Starting...
2023-09-06T14:51:14.904+02:00  INFO 12312 --- [           main] com.zaxxer.hikari.pool.HikariPool        : HikariPool-18 - Added connection conn170: url=jdbc:h2:mem:testdb user=SA
2023-09-06T14:51:14.904+02:00  INFO 12312 --- [           main] com.zaxxer.hikari.HikariDataSource       : HikariPool-18 - Start completed.
2023-09-06T14:51:14.905+02:00  INFO 12312 --- [           main] o.hibernate.jpa.internal.util.LogHelper  : HHH000204: Processing PersistenceUnitInfo [name: default]
2023-09-06T14:51:14.918+02:00  INFO 12312 --- [           main] o.h.b.i.BytecodeProviderInitiator        : HHH000021: Bytecode provider name : bytebuddy
2023-09-06T14:51:14.918+02:00  INFO 12312 --- [           main] o.s.o.j.p.SpringPersistenceUnitInfo      : No LoadTimeWeaver setup: ignoring JPA class transformer
2023-09-06T14:51:14.920+02:00  INFO 12312 --- [           main] org.hibernate.orm.dialect                : HHH035001: Using dialect: org.hibernate.dialect.H2Dialect, version: 2.1.214
2023-09-06T14:51:14.933+02:00  INFO 12312 --- [           main] o.h.b.i.BytecodeProviderInitiator        : HHH000021: Bytecode provider name : bytebuddy
2023-09-06T14:51:14.966+02:00  INFO 12312 --- [           main] o.h.e.t.j.p.i.JtaPlatformInitiator       : HHH000490: Using JtaPlatform implementation: [org.hibernate.engine.transaction.jta.platform.internal.NoJtaPlatform]
2023-09-06T14:51:14.972+02:00  INFO 12312 --- [           main] o.h.t.s.i.e.GenerationTargetToDatabase   : HHH000476: Executing script '[injected ScriptSourceInputNonExistentImpl script]'
2023-09-06T14:51:14.973+02:00  INFO 12312 --- [           main] j.LocalContainerEntityManagerFactoryBean : Initialized JPA EntityManagerFactory for persistence unit 'default'
2023-09-06T14:51:15.055+02:00  WARN 12312 --- [           main] JpaBaseConfiguration$JpaWebConfiguration : spring.jpa.open-in-view is enabled by default. Therefore, database queries may be performed during view rendering. Explicitly configure spring.jpa.open-in-view to disable this warning
2023-09-06T14:51:15.156+02:00  INFO 12312 --- [           main] o.s.b.t.m.w.SpringBootMockServletContext : Initializing Spring TestDispatcherServlet ''
2023-09-06T14:51:15.156+02:00  INFO 12312 --- [           main] o.s.t.web.servlet.TestDispatcherServlet  : Initializing Servlet ''
2023-09-06T14:51:15.157+02:00  INFO 12312 --- [           main] o.s.t.web.servlet.TestDispatcherServlet  : Completed initialization in 0 ms
2023-09-06T14:51:15.167+02:00  INFO 12312 --- [           main] c.d.d.c.BooksControllerIntegrationTests  : Started BooksControllerIntegrationTests in 0.65 seconds (process running for 26.67)
2023-09-06T14:51:15.190+02:00  INFO 12312 --- [           main] j.LocalContainerEntityManagerFactoryBean : Closing JPA EntityManagerFactory for persistence unit 'default'
2023-09-06T14:51:15.190+02:00  INFO 12312 --- [           main] .SchemaDropperImpl$DelayedDropActionImpl : HHH000477: Starting delayed evictData of schema as part of SessionFactory shut-down'
2023-09-06T14:51:15.192+02:00  INFO 12312 --- [           main] com.zaxxer.hikari.HikariDataSource       : HikariPool-18 - Shutdown initiated...
2023-09-06T14:51:15.194+02:00  INFO 12312 --- [           main] com.zaxxer.hikari.HikariDataSource       : HikariPool-18 - Shutdown completed.
]]></system-out>
  </testcase>
  <testcase name="testThatCreateBookReturnsHttpStatus201Created" classname="com.devtiro.database.controllers.BooksControllerIntegrationTests" time="0.032">
    <system-out><![CDATA[  ____              _                 _____ _____
 |  _ \            | |          /\   |  __ \_   _|
 | |_) | ___   ___ | | _____   /  \  | |__) || |
 |  _ < / _ \ / _ \| |/ / __| / /\ \ |  ___/ | |
 | |_) | (_) | (_) |   <\__ \/ ____ \| |    _| |_
 |____/ \___/ \___/|_|\_\___/_/    \_\_|   |_____|
==================================================

2023-09-06T14:51:15.231+02:00  INFO 12312 --- [           main] c.d.d.c.BooksControllerIntegrationTests  : Starting BooksControllerIntegrationTests using Java 20.0.2 with PID 12312 (started by andri in C:\Users\andri\OneDrive\Desktop\spring\course-spring-boot\10_rest_api\16_pagination\database)
2023-09-06T14:51:15.231+02:00  INFO 12312 --- [           main] c.d.d.c.BooksControllerIntegrationTests  : No active profile set, falling back to 1 default profile: "default"
2023-09-06T14:51:15.452+02:00  INFO 12312 --- [           main] .s.d.r.c.RepositoryConfigurationDelegate : Bootstrapping Spring Data JPA repositories in DEFAULT mode.
2023-09-06T14:51:15.471+02:00  INFO 12312 --- [           main] .s.d.r.c.RepositoryConfigurationDelegate : Finished Spring Data repository scanning in 18 ms. Found 2 JPA repository interfaces.
2023-09-06T14:51:15.529+02:00  INFO 12312 --- [           main] com.zaxxer.hikari.HikariDataSource       : HikariPool-19 - Starting...
2023-09-06T14:51:15.532+02:00  INFO 12312 --- [           main] com.zaxxer.hikari.pool.HikariPool        : HikariPool-19 - Added connection conn180: url=jdbc:h2:mem:testdb user=SA
2023-09-06T14:51:15.533+02:00  INFO 12312 --- [           main] com.zaxxer.hikari.HikariDataSource       : HikariPool-19 - Start completed.
2023-09-06T14:51:15.535+02:00  INFO 12312 --- [           main] o.hibernate.jpa.internal.util.LogHelper  : HHH000204: Processing PersistenceUnitInfo [name: default]
2023-09-06T14:51:15.546+02:00  INFO 12312 --- [           main] o.h.b.i.BytecodeProviderInitiator        : HHH000021: Bytecode provider name : bytebuddy
2023-09-06T14:51:15.546+02:00  INFO 12312 --- [           main] o.s.o.j.p.SpringPersistenceUnitInfo      : No LoadTimeWeaver setup: ignoring JPA class transformer
2023-09-06T14:51:15.549+02:00  INFO 12312 --- [           main] org.hibernate.orm.dialect                : HHH035001: Using dialect: org.hibernate.dialect.H2Dialect, version: 2.1.214
2023-09-06T14:51:15.566+02:00  INFO 12312 --- [           main] o.h.b.i.BytecodeProviderInitiator        : HHH000021: Bytecode provider name : bytebuddy
2023-09-06T14:51:15.604+02:00  INFO 12312 --- [           main] o.h.e.t.j.p.i.JtaPlatformInitiator       : HHH000490: Using JtaPlatform implementation: [org.hibernate.engine.transaction.jta.platform.internal.NoJtaPlatform]
2023-09-06T14:51:15.608+02:00  INFO 12312 --- [           main] o.h.t.s.i.e.GenerationTargetToDatabase   : HHH000476: Executing script '[injected ScriptSourceInputNonExistentImpl script]'
2023-09-06T14:51:15.608+02:00  INFO 12312 --- [           main] j.LocalContainerEntityManagerFactoryBean : Initialized JPA EntityManagerFactory for persistence unit 'default'
2023-09-06T14:51:15.669+02:00  WARN 12312 --- [           main] JpaBaseConfiguration$JpaWebConfiguration : spring.jpa.open-in-view is enabled by default. Therefore, database queries may be performed during view rendering. Explicitly configure spring.jpa.open-in-view to disable this warning
2023-09-06T14:51:15.754+02:00  INFO 12312 --- [           main] o.s.b.t.m.w.SpringBootMockServletContext : Initializing Spring TestDispatcherServlet ''
2023-09-06T14:51:15.754+02:00  INFO 12312 --- [           main] o.s.t.web.servlet.TestDispatcherServlet  : Initializing Servlet ''
2023-09-06T14:51:15.754+02:00  INFO 12312 --- [           main] o.s.t.web.servlet.TestDispatcherServlet  : Completed initialization in 0 ms
2023-09-06T14:51:15.761+02:00  INFO 12312 --- [           main] c.d.d.c.BooksControllerIntegrationTests  : Started BooksControllerIntegrationTests in 0.562 seconds (process running for 27.264)
2023-09-06T14:51:15.792+02:00  INFO 12312 --- [           main] j.LocalContainerEntityManagerFactoryBean : Closing JPA EntityManagerFactory for persistence unit 'default'
2023-09-06T14:51:15.792+02:00  INFO 12312 --- [           main] .SchemaDropperImpl$DelayedDropActionImpl : HHH000477: Starting delayed evictData of schema as part of SessionFactory shut-down'
2023-09-06T14:51:15.794+02:00  INFO 12312 --- [           main] com.zaxxer.hikari.HikariDataSource       : HikariPool-19 - Shutdown initiated...
2023-09-06T14:51:15.795+02:00  INFO 12312 --- [           main] com.zaxxer.hikari.HikariDataSource       : HikariPool-19 - Shutdown completed.
]]></system-out>
  </testcase>
  <testcase name="testThatPartialUpdateBookReturnsUpdatedBook" classname="com.devtiro.database.controllers.BooksControllerIntegrationTests" time="0.035">
    <system-out><![CDATA[  ____              _                 _____ _____
 |  _ \            | |          /\   |  __ \_   _|
 | |_) | ___   ___ | | _____   /  \  | |__) || |
 |  _ < / _ \ / _ \| |/ / __| / /\ \ |  ___/ | |
 | |_) | (_) | (_) |   <\__ \/ ____ \| |    _| |_
 |____/ \___/ \___/|_|\_\___/_/    \_\_|   |_____|
==================================================

2023-09-06T14:51:15.825+02:00  INFO 12312 --- [           main] c.d.d.c.BooksControllerIntegrationTests  : Starting BooksControllerIntegrationTests using Java 20.0.2 with PID 12312 (started by andri in C:\Users\andri\OneDrive\Desktop\spring\course-spring-boot\10_rest_api\16_pagination\database)
2023-09-06T14:51:15.825+02:00  INFO 12312 --- [           main] c.d.d.c.BooksControllerIntegrationTests  : No active profile set, falling back to 1 default profile: "default"
2023-09-06T14:51:15.999+02:00  INFO 12312 --- [           main] .s.d.r.c.RepositoryConfigurationDelegate : Bootstrapping Spring Data JPA repositories in DEFAULT mode.
2023-09-06T14:51:16.015+02:00  INFO 12312 --- [           main] .s.d.r.c.RepositoryConfigurationDelegate : Finished Spring Data repository scanning in 15 ms. Found 2 JPA repository interfaces.
2023-09-06T14:51:16.078+02:00  INFO 12312 --- [           main] com.zaxxer.hikari.HikariDataSource       : HikariPool-20 - Starting...
2023-09-06T14:51:16.079+02:00  INFO 12312 --- [           main] com.zaxxer.hikari.pool.HikariPool        : HikariPool-20 - Added connection conn190: url=jdbc:h2:mem:testdb user=SA
2023-09-06T14:51:16.079+02:00  INFO 12312 --- [           main] com.zaxxer.hikari.HikariDataSource       : HikariPool-20 - Start completed.
2023-09-06T14:51:16.104+02:00  INFO 12312 --- [           main] o.hibernate.jpa.internal.util.LogHelper  : HHH000204: Processing PersistenceUnitInfo [name: default]
2023-09-06T14:51:16.128+02:00  INFO 12312 --- [           main] o.h.b.i.BytecodeProviderInitiator        : HHH000021: Bytecode provider name : bytebuddy
2023-09-06T14:51:16.129+02:00  INFO 12312 --- [           main] o.s.o.j.p.SpringPersistenceUnitInfo      : No LoadTimeWeaver setup: ignoring JPA class transformer
2023-09-06T14:51:16.131+02:00  INFO 12312 --- [           main] org.hibernate.orm.dialect                : HHH035001: Using dialect: org.hibernate.dialect.H2Dialect, version: 2.1.214
2023-09-06T14:51:16.144+02:00  INFO 12312 --- [           main] o.h.b.i.BytecodeProviderInitiator        : HHH000021: Bytecode provider name : bytebuddy
2023-09-06T14:51:16.185+02:00  INFO 12312 --- [           main] o.h.e.t.j.p.i.JtaPlatformInitiator       : HHH000490: Using JtaPlatform implementation: [org.hibernate.engine.transaction.jta.platform.internal.NoJtaPlatform]
2023-09-06T14:51:16.190+02:00  INFO 12312 --- [           main] o.h.t.s.i.e.GenerationTargetToDatabase   : HHH000476: Executing script '[injected ScriptSourceInputNonExistentImpl script]'
2023-09-06T14:51:16.190+02:00  INFO 12312 --- [           main] j.LocalContainerEntityManagerFactoryBean : Initialized JPA EntityManagerFactory for persistence unit 'default'
2023-09-06T14:51:16.254+02:00  WARN 12312 --- [           main] JpaBaseConfiguration$JpaWebConfiguration : spring.jpa.open-in-view is enabled by default. Therefore, database queries may be performed during view rendering. Explicitly configure spring.jpa.open-in-view to disable this warning
2023-09-06T14:51:16.342+02:00  INFO 12312 --- [           main] o.s.b.t.m.w.SpringBootMockServletContext : Initializing Spring TestDispatcherServlet ''
2023-09-06T14:51:16.342+02:00  INFO 12312 --- [           main] o.s.t.web.servlet.TestDispatcherServlet  : Initializing Servlet ''
2023-09-06T14:51:16.342+02:00  INFO 12312 --- [           main] o.s.t.web.servlet.TestDispatcherServlet  : Completed initialization in 0 ms
2023-09-06T14:51:16.351+02:00  INFO 12312 --- [           main] c.d.d.c.BooksControllerIntegrationTests  : Started BooksControllerIntegrationTests in 0.552 seconds (process running for 27.855)
2023-09-06T14:51:16.385+02:00  INFO 12312 --- [           main] j.LocalContainerEntityManagerFactoryBean : Closing JPA EntityManagerFactory for persistence unit 'default'
2023-09-06T14:51:16.385+02:00  INFO 12312 --- [           main] .SchemaDropperImpl$DelayedDropActionImpl : HHH000477: Starting delayed evictData of schema as part of SessionFactory shut-down'
2023-09-06T14:51:16.386+02:00  INFO 12312 --- [           main] com.zaxxer.hikari.HikariDataSource       : HikariPool-20 - Shutdown initiated...
2023-09-06T14:51:16.387+02:00  INFO 12312 --- [           main] com.zaxxer.hikari.HikariDataSource       : HikariPool-20 - Shutdown completed.
]]></system-out>
  </testcase>
  <testcase name="testThatCreateBookReturnsCreatedBook" classname="com.devtiro.database.controllers.BooksControllerIntegrationTests" time="0.036">
    <system-out><![CDATA[  ____              _                 _____ _____
 |  _ \            | |          /\   |  __ \_   _|
 | |_) | ___   ___ | | _____   /  \  | |__) || |
 |  _ < / _ \ / _ \| |/ / __| / /\ \ |  ___/ | |
 | |_) | (_) | (_) |   <\__ \/ ____ \| |    _| |_
 |____/ \___/ \___/|_|\_\___/_/    \_\_|   |_____|
==================================================

2023-09-06T14:51:16.417+02:00  INFO 12312 --- [           main] c.d.d.c.BooksControllerIntegrationTests  : Starting BooksControllerIntegrationTests using Java 20.0.2 with PID 12312 (started by andri in C:\Users\andri\OneDrive\Desktop\spring\course-spring-boot\10_rest_api\16_pagination\database)
2023-09-06T14:51:16.417+02:00  INFO 12312 --- [           main] c.d.d.c.BooksControllerIntegrationTests  : No active profile set, falling back to 1 default profile: "default"
2023-09-06T14:51:16.573+02:00  INFO 12312 --- [           main] .s.d.r.c.RepositoryConfigurationDelegate : Bootstrapping Spring Data JPA repositories in DEFAULT mode.
2023-09-06T14:51:16.588+02:00  INFO 12312 --- [           main] .s.d.r.c.RepositoryConfigurationDelegate : Finished Spring Data repository scanning in 15 ms. Found 2 JPA repository interfaces.
2023-09-06T14:51:16.641+02:00  INFO 12312 --- [           main] com.zaxxer.hikari.HikariDataSource       : HikariPool-21 - Starting...
2023-09-06T14:51:16.642+02:00  INFO 12312 --- [           main] com.zaxxer.hikari.pool.HikariPool        : HikariPool-21 - Added connection conn200: url=jdbc:h2:mem:testdb user=SA
2023-09-06T14:51:16.642+02:00  INFO 12312 --- [           main] com.zaxxer.hikari.HikariDataSource       : HikariPool-21 - Start completed.
2023-09-06T14:51:16.644+02:00  INFO 12312 --- [           main] o.hibernate.jpa.internal.util.LogHelper  : HHH000204: Processing PersistenceUnitInfo [name: default]
2023-09-06T14:51:16.652+02:00  INFO 12312 --- [           main] o.h.b.i.BytecodeProviderInitiator        : HHH000021: Bytecode provider name : bytebuddy
2023-09-06T14:51:16.652+02:00  INFO 12312 --- [           main] o.s.o.j.p.SpringPersistenceUnitInfo      : No LoadTimeWeaver setup: ignoring JPA class transformer
2023-09-06T14:51:16.653+02:00  INFO 12312 --- [           main] org.hibernate.orm.dialect                : HHH035001: Using dialect: org.hibernate.dialect.H2Dialect, version: 2.1.214
2023-09-06T14:51:16.667+02:00  INFO 12312 --- [           main] o.h.b.i.BytecodeProviderInitiator        : HHH000021: Bytecode provider name : bytebuddy
2023-09-06T14:51:16.701+02:00  INFO 12312 --- [           main] o.h.e.t.j.p.i.JtaPlatformInitiator       : HHH000490: Using JtaPlatform implementation: [org.hibernate.engine.transaction.jta.platform.internal.NoJtaPlatform]
2023-09-06T14:51:16.706+02:00  INFO 12312 --- [           main] o.h.t.s.i.e.GenerationTargetToDatabase   : HHH000476: Executing script '[injected ScriptSourceInputNonExistentImpl script]'
2023-09-06T14:51:16.707+02:00  INFO 12312 --- [           main] j.LocalContainerEntityManagerFactoryBean : Initialized JPA EntityManagerFactory for persistence unit 'default'
2023-09-06T14:51:16.757+02:00  WARN 12312 --- [           main] JpaBaseConfiguration$JpaWebConfiguration : spring.jpa.open-in-view is enabled by default. Therefore, database queries may be performed during view rendering. Explicitly configure spring.jpa.open-in-view to disable this warning
2023-09-06T14:51:16.830+02:00  INFO 12312 --- [           main] o.s.b.t.m.w.SpringBootMockServletContext : Initializing Spring TestDispatcherServlet ''
2023-09-06T14:51:16.830+02:00  INFO 12312 --- [           main] o.s.t.web.servlet.TestDispatcherServlet  : Initializing Servlet ''
2023-09-06T14:51:16.830+02:00  INFO 12312 --- [           main] o.s.t.web.servlet.TestDispatcherServlet  : Completed initialization in 0 ms
2023-09-06T14:51:16.836+02:00  INFO 12312 --- [           main] c.d.d.c.BooksControllerIntegrationTests  : Started BooksControllerIntegrationTests in 0.446 seconds (process running for 28.34)
2023-09-06T14:51:16.865+02:00  INFO 12312 --- [           main] j.LocalContainerEntityManagerFactoryBean : Closing JPA EntityManagerFactory for persistence unit 'default'
2023-09-06T14:51:16.865+02:00  INFO 12312 --- [           main] .SchemaDropperImpl$DelayedDropActionImpl : HHH000477: Starting delayed evictData of schema as part of SessionFactory shut-down'
2023-09-06T14:51:16.867+02:00  INFO 12312 --- [           main] com.zaxxer.hikari.HikariDataSource       : HikariPool-21 - Shutdown initiated...
2023-09-06T14:51:16.874+02:00  INFO 12312 --- [           main] com.zaxxer.hikari.HikariDataSource       : HikariPool-21 - Shutdown completed.
]]></system-out>
  </testcase>
  <testcase name="testThatGetBookReturnsHttpStatus200OkWhenBookExists" classname="com.devtiro.database.controllers.BooksControllerIntegrationTests" time="0.037">
    <system-out><![CDATA[  ____              _                 _____ _____
 |  _ \            | |          /\   |  __ \_   _|
 | |_) | ___   ___ | | _____   /  \  | |__) || |
 |  _ < / _ \ / _ \| |/ / __| / /\ \ |  ___/ | |
 | |_) | (_) | (_) |   <\__ \/ ____ \| |    _| |_
 |____/ \___/ \___/|_|\_\___/_/    \_\_|   |_____|
==================================================

2023-09-06T14:51:16.908+02:00  INFO 12312 --- [           main] c.d.d.c.BooksControllerIntegrationTests  : Starting BooksControllerIntegrationTests using Java 20.0.2 with PID 12312 (started by andri in C:\Users\andri\OneDrive\Desktop\spring\course-spring-boot\10_rest_api\16_pagination\database)
2023-09-06T14:51:16.908+02:00  INFO 12312 --- [           main] c.d.d.c.BooksControllerIntegrationTests  : No active profile set, falling back to 1 default profile: "default"
2023-09-06T14:51:17.063+02:00  INFO 12312 --- [           main] .s.d.r.c.RepositoryConfigurationDelegate : Bootstrapping Spring Data JPA repositories in DEFAULT mode.
2023-09-06T14:51:17.078+02:00  INFO 12312 --- [           main] .s.d.r.c.RepositoryConfigurationDelegate : Finished Spring Data repository scanning in 14 ms. Found 2 JPA repository interfaces.
2023-09-06T14:51:17.135+02:00  INFO 12312 --- [           main] com.zaxxer.hikari.HikariDataSource       : HikariPool-22 - Starting...
2023-09-06T14:51:17.136+02:00  INFO 12312 --- [           main] com.zaxxer.hikari.pool.HikariPool        : HikariPool-22 - Added connection conn209: url=jdbc:h2:mem:testdb user=SA
2023-09-06T14:51:17.136+02:00  INFO 12312 --- [           main] com.zaxxer.hikari.HikariDataSource       : HikariPool-22 - Start completed.
2023-09-06T14:51:17.137+02:00  INFO 12312 --- [           main] o.hibernate.jpa.internal.util.LogHelper  : HHH000204: Processing PersistenceUnitInfo [name: default]
2023-09-06T14:51:17.149+02:00  INFO 12312 --- [           main] o.h.b.i.BytecodeProviderInitiator        : HHH000021: Bytecode provider name : bytebuddy
2023-09-06T14:51:17.149+02:00  INFO 12312 --- [           main] o.s.o.j.p.SpringPersistenceUnitInfo      : No LoadTimeWeaver setup: ignoring JPA class transformer
2023-09-06T14:51:17.151+02:00  INFO 12312 --- [           main] org.hibernate.orm.dialect                : HHH035001: Using dialect: org.hibernate.dialect.H2Dialect, version: 2.1.214
2023-09-06T14:51:17.161+02:00  INFO 12312 --- [           main] o.h.b.i.BytecodeProviderInitiator        : HHH000021: Bytecode provider name : bytebuddy
2023-09-06T14:51:17.185+02:00  INFO 12312 --- [           main] o.h.e.t.j.p.i.JtaPlatformInitiator       : HHH000490: Using JtaPlatform implementation: [org.hibernate.engine.transaction.jta.platform.internal.NoJtaPlatform]
2023-09-06T14:51:17.189+02:00  INFO 12312 --- [           main] o.h.t.s.i.e.GenerationTargetToDatabase   : HHH000476: Executing script '[injected ScriptSourceInputNonExistentImpl script]'
2023-09-06T14:51:17.191+02:00  INFO 12312 --- [           main] j.LocalContainerEntityManagerFactoryBean : Initialized JPA EntityManagerFactory for persistence unit 'default'
2023-09-06T14:51:17.239+02:00  WARN 12312 --- [           main] JpaBaseConfiguration$JpaWebConfiguration : spring.jpa.open-in-view is enabled by default. Therefore, database queries may be performed during view rendering. Explicitly configure spring.jpa.open-in-view to disable this warning
2023-09-06T14:51:17.309+02:00  INFO 12312 --- [           main] o.s.b.t.m.w.SpringBootMockServletContext : Initializing Spring TestDispatcherServlet ''
2023-09-06T14:51:17.309+02:00  INFO 12312 --- [           main] o.s.t.web.servlet.TestDispatcherServlet  : Initializing Servlet ''
2023-09-06T14:51:17.310+02:00  INFO 12312 --- [           main] o.s.t.web.servlet.TestDispatcherServlet  : Completed initialization in 1 ms
2023-09-06T14:51:17.318+02:00  INFO 12312 --- [           main] c.d.d.c.BooksControllerIntegrationTests  : Started BooksControllerIntegrationTests in 0.438 seconds (process running for 28.822)
2023-09-06T14:51:17.344+02:00  INFO 12312 --- [           main] j.LocalContainerEntityManagerFactoryBean : Closing JPA EntityManagerFactory for persistence unit 'default'
2023-09-06T14:51:17.344+02:00  INFO 12312 --- [           main] .SchemaDropperImpl$DelayedDropActionImpl : HHH000477: Starting delayed evictData of schema as part of SessionFactory shut-down'
2023-09-06T14:51:17.346+02:00  INFO 12312 --- [           main] com.zaxxer.hikari.HikariDataSource       : HikariPool-22 - Shutdown initiated...
2023-09-06T14:51:17.359+02:00  INFO 12312 --- [           main] com.zaxxer.hikari.HikariDataSource       : HikariPool-22 - Shutdown completed.
]]></system-out>
  </testcase>
  <testcase name="testThatGetBookReturnsHttpStatus404WhenBookDoesntExist" classname="com.devtiro.database.controllers.BooksControllerIntegrationTests" time="0.021">
    <system-out><![CDATA[  ____              _                 _____ _____
 |  _ \            | |          /\   |  __ \_   _|
 | |_) | ___   ___ | | _____   /  \  | |__) || |
 |  _ < / _ \ / _ \| |/ / __| / /\ \ |  ___/ | |
 | |_) | (_) | (_) |   <\__ \/ ____ \| |    _| |_
 |____/ \___/ \___/|_|\_\___/_/    \_\_|   |_____|
==================================================

2023-09-06T14:51:17.395+02:00  INFO 12312 --- [           main] c.d.d.c.BooksControllerIntegrationTests  : Starting BooksControllerIntegrationTests using Java 20.0.2 with PID 12312 (started by andri in C:\Users\andri\OneDrive\Desktop\spring\course-spring-boot\10_rest_api\16_pagination\database)
2023-09-06T14:51:17.395+02:00  INFO 12312 --- [           main] c.d.d.c.BooksControllerIntegrationTests  : No active profile set, falling back to 1 default profile: "default"
2023-09-06T14:51:17.591+02:00  INFO 12312 --- [           main] .s.d.r.c.RepositoryConfigurationDelegate : Bootstrapping Spring Data JPA repositories in DEFAULT mode.
2023-09-06T14:51:17.609+02:00  INFO 12312 --- [           main] .s.d.r.c.RepositoryConfigurationDelegate : Finished Spring Data repository scanning in 18 ms. Found 2 JPA repository interfaces.
2023-09-06T14:51:17.675+02:00  INFO 12312 --- [           main] com.zaxxer.hikari.HikariDataSource       : HikariPool-23 - Starting...
2023-09-06T14:51:17.676+02:00  INFO 12312 --- [           main] com.zaxxer.hikari.pool.HikariPool        : HikariPool-23 - Added connection conn217: url=jdbc:h2:mem:testdb user=SA
2023-09-06T14:51:17.677+02:00  INFO 12312 --- [           main] com.zaxxer.hikari.HikariDataSource       : HikariPool-23 - Start completed.
2023-09-06T14:51:17.679+02:00  INFO 12312 --- [           main] o.hibernate.jpa.internal.util.LogHelper  : HHH000204: Processing PersistenceUnitInfo [name: default]
2023-09-06T14:51:17.689+02:00  INFO 12312 --- [           main] o.h.b.i.BytecodeProviderInitiator        : HHH000021: Bytecode provider name : bytebuddy
2023-09-06T14:51:17.689+02:00  INFO 12312 --- [           main] o.s.o.j.p.SpringPersistenceUnitInfo      : No LoadTimeWeaver setup: ignoring JPA class transformer
2023-09-06T14:51:17.689+02:00  INFO 12312 --- [           main] org.hibernate.orm.dialect                : HHH035001: Using dialect: org.hibernate.dialect.H2Dialect, version: 2.1.214
2023-09-06T14:51:17.701+02:00  INFO 12312 --- [           main] o.h.b.i.BytecodeProviderInitiator        : HHH000021: Bytecode provider name : bytebuddy
2023-09-06T14:51:17.731+02:00  INFO 12312 --- [           main] o.h.e.t.j.p.i.JtaPlatformInitiator       : HHH000490: Using JtaPlatform implementation: [org.hibernate.engine.transaction.jta.platform.internal.NoJtaPlatform]
2023-09-06T14:51:17.736+02:00  INFO 12312 --- [           main] o.h.t.s.i.e.GenerationTargetToDatabase   : HHH000476: Executing script '[injected ScriptSourceInputNonExistentImpl script]'
2023-09-06T14:51:17.737+02:00  INFO 12312 --- [           main] j.LocalContainerEntityManagerFactoryBean : Initialized JPA EntityManagerFactory for persistence unit 'default'
2023-09-06T14:51:17.793+02:00  WARN 12312 --- [           main] JpaBaseConfiguration$JpaWebConfiguration : spring.jpa.open-in-view is enabled by default. Therefore, database queries may be performed during view rendering. Explicitly configure spring.jpa.open-in-view to disable this warning
2023-09-06T14:51:17.896+02:00  INFO 12312 --- [           main] o.s.b.t.m.w.SpringBootMockServletContext : Initializing Spring TestDispatcherServlet ''
2023-09-06T14:51:17.896+02:00  INFO 12312 --- [           main] o.s.t.web.servlet.TestDispatcherServlet  : Initializing Servlet ''
2023-09-06T14:51:17.897+02:00  INFO 12312 --- [           main] o.s.t.web.servlet.TestDispatcherServlet  : Completed initialization in 1 ms
2023-09-06T14:51:17.907+02:00  INFO 12312 --- [           main] c.d.d.c.BooksControllerIntegrationTests  : Started BooksControllerIntegrationTests in 0.546 seconds (process running for 29.412)
2023-09-06T14:51:17.928+02:00  INFO 12312 --- [           main] j.LocalContainerEntityManagerFactoryBean : Closing JPA EntityManagerFactory for persistence unit 'default'
2023-09-06T14:51:17.928+02:00  INFO 12312 --- [           main] .SchemaDropperImpl$DelayedDropActionImpl : HHH000477: Starting delayed evictData of schema as part of SessionFactory shut-down'
2023-09-06T14:51:17.930+02:00  INFO 12312 --- [           main] com.zaxxer.hikari.HikariDataSource       : HikariPool-23 - Shutdown initiated...
2023-09-06T14:51:17.932+02:00  INFO 12312 --- [           main] com.zaxxer.hikari.HikariDataSource       : HikariPool-23 - Shutdown completed.
]]></system-out>
  </testcase>
  <testcase name="testThatUpdateBookReturnsHttpStatus200Ok" classname="com.devtiro.database.controllers.BooksControllerIntegrationTests" time="0.037">
    <system-out><![CDATA[  ____              _                 _____ _____
 |  _ \            | |          /\   |  __ \_   _|
 | |_) | ___   ___ | | _____   /  \  | |__) || |
 |  _ < / _ \ / _ \| |/ / __| / /\ \ |  ___/ | |
 | |_) | (_) | (_) |   <\__ \/ ____ \| |    _| |_
 |____/ \___/ \___/|_|\_\___/_/    \_\_|   |_____|
==================================================

2023-09-06T14:51:17.968+02:00  INFO 12312 --- [           main] c.d.d.c.BooksControllerIntegrationTests  : Starting BooksControllerIntegrationTests using Java 20.0.2 with PID 12312 (started by andri in C:\Users\andri\OneDrive\Desktop\spring\course-spring-boot\10_rest_api\16_pagination\database)
2023-09-06T14:51:17.968+02:00  INFO 12312 --- [           main] c.d.d.c.BooksControllerIntegrationTests  : No active profile set, falling back to 1 default profile: "default"
2023-09-06T14:51:18.166+02:00  INFO 12312 --- [           main] .s.d.r.c.RepositoryConfigurationDelegate : Bootstrapping Spring Data JPA repositories in DEFAULT mode.
2023-09-06T14:51:18.187+02:00  INFO 12312 --- [           main] .s.d.r.c.RepositoryConfigurationDelegate : Finished Spring Data repository scanning in 20 ms. Found 2 JPA repository interfaces.
2023-09-06T14:51:18.276+02:00  INFO 12312 --- [           main] com.zaxxer.hikari.HikariDataSource       : HikariPool-24 - Starting...
2023-09-06T14:51:18.277+02:00  INFO 12312 --- [           main] com.zaxxer.hikari.pool.HikariPool        : HikariPool-24 - Added connection conn227: url=jdbc:h2:mem:testdb user=SA
2023-09-06T14:51:18.278+02:00  INFO 12312 --- [           main] com.zaxxer.hikari.HikariDataSource       : HikariPool-24 - Start completed.
2023-09-06T14:51:18.279+02:00  INFO 12312 --- [           main] o.hibernate.jpa.internal.util.LogHelper  : HHH000204: Processing PersistenceUnitInfo [name: default]
2023-09-06T14:51:18.291+02:00  INFO 12312 --- [           main] o.h.b.i.BytecodeProviderInitiator        : HHH000021: Bytecode provider name : bytebuddy
2023-09-06T14:51:18.291+02:00  INFO 12312 --- [           main] o.s.o.j.p.SpringPersistenceUnitInfo      : No LoadTimeWeaver setup: ignoring JPA class transformer
2023-09-06T14:51:18.293+02:00  INFO 12312 --- [           main] org.hibernate.orm.dialect                : HHH035001: Using dialect: org.hibernate.dialect.H2Dialect, version: 2.1.214
2023-09-06T14:51:18.313+02:00  INFO 12312 --- [           main] o.h.b.i.BytecodeProviderInitiator        : HHH000021: Bytecode provider name : bytebuddy
2023-09-06T14:51:18.354+02:00  INFO 12312 --- [           main] o.h.e.t.j.p.i.JtaPlatformInitiator       : HHH000490: Using JtaPlatform implementation: [org.hibernate.engine.transaction.jta.platform.internal.NoJtaPlatform]
2023-09-06T14:51:18.358+02:00  INFO 12312 --- [           main] o.h.t.s.i.e.GenerationTargetToDatabase   : HHH000476: Executing script '[injected ScriptSourceInputNonExistentImpl script]'
2023-09-06T14:51:18.358+02:00  INFO 12312 --- [           main] j.LocalContainerEntityManagerFactoryBean : Initialized JPA EntityManagerFactory for persistence unit 'default'
2023-09-06T14:51:18.422+02:00  WARN 12312 --- [           main] JpaBaseConfiguration$JpaWebConfiguration : spring.jpa.open-in-view is enabled by default. Therefore, database queries may be performed during view rendering. Explicitly configure spring.jpa.open-in-view to disable this warning
2023-09-06T14:51:18.529+02:00  INFO 12312 --- [           main] o.s.b.t.m.w.SpringBootMockServletContext : Initializing Spring TestDispatcherServlet ''
2023-09-06T14:51:18.529+02:00  INFO 12312 --- [           main] o.s.t.web.servlet.TestDispatcherServlet  : Initializing Servlet ''
2023-09-06T14:51:18.532+02:00  INFO 12312 --- [           main] o.s.t.web.servlet.TestDispatcherServlet  : Completed initialization in 1 ms
2023-09-06T14:51:18.544+02:00  INFO 12312 --- [           main] c.d.d.c.BooksControllerIntegrationTests  : Started BooksControllerIntegrationTests in 0.609 seconds (process running for 30.048)
2023-09-06T14:51:18.584+02:00  INFO 12312 --- [           main] j.LocalContainerEntityManagerFactoryBean : Closing JPA EntityManagerFactory for persistence unit 'default'
2023-09-06T14:51:18.585+02:00  INFO 12312 --- [           main] .SchemaDropperImpl$DelayedDropActionImpl : HHH000477: Starting delayed evictData of schema as part of SessionFactory shut-down'
2023-09-06T14:51:18.586+02:00  INFO 12312 --- [           main] com.zaxxer.hikari.HikariDataSource       : HikariPool-24 - Shutdown initiated...
2023-09-06T14:51:18.587+02:00  INFO 12312 --- [           main] com.zaxxer.hikari.HikariDataSource       : HikariPool-24 - Shutdown completed.
]]></system-out>
  </testcase>
  <testcase name="testThatListBooksReturnsHttpStatus200Ok" classname="com.devtiro.database.controllers.BooksControllerIntegrationTests" time="0.064">
    <system-out><![CDATA[  ____              _                 _____ _____
 |  _ \            | |          /\   |  __ \_   _|
 | |_) | ___   ___ | | _____   /  \  | |__) || |
 |  _ < / _ \ / _ \| |/ / __| / /\ \ |  ___/ | |
 | |_) | (_) | (_) |   <\__ \/ ____ \| |    _| |_
 |____/ \___/ \___/|_|\_\___/_/    \_\_|   |_____|
==================================================

2023-09-06T14:51:18.629+02:00  INFO 12312 --- [           main] c.d.d.c.BooksControllerIntegrationTests  : Starting BooksControllerIntegrationTests using Java 20.0.2 with PID 12312 (started by andri in C:\Users\andri\OneDrive\Desktop\spring\course-spring-boot\10_rest_api\16_pagination\database)
2023-09-06T14:51:18.629+02:00  INFO 12312 --- [           main] c.d.d.c.BooksControllerIntegrationTests  : No active profile set, falling back to 1 default profile: "default"
2023-09-06T14:51:18.845+02:00  INFO 12312 --- [           main] .s.d.r.c.RepositoryConfigurationDelegate : Bootstrapping Spring Data JPA repositories in DEFAULT mode.
2023-09-06T14:51:18.865+02:00  INFO 12312 --- [           main] .s.d.r.c.RepositoryConfigurationDelegate : Finished Spring Data repository scanning in 19 ms. Found 2 JPA repository interfaces.
2023-09-06T14:51:18.953+02:00  INFO 12312 --- [           main] com.zaxxer.hikari.HikariDataSource       : HikariPool-25 - Starting...
2023-09-06T14:51:18.954+02:00  INFO 12312 --- [           main] com.zaxxer.hikari.pool.HikariPool        : HikariPool-25 - Added connection conn237: url=jdbc:h2:mem:testdb user=SA
2023-09-06T14:51:18.956+02:00  INFO 12312 --- [           main] com.zaxxer.hikari.HikariDataSource       : HikariPool-25 - Start completed.
2023-09-06T14:51:18.958+02:00  INFO 12312 --- [           main] o.hibernate.jpa.internal.util.LogHelper  : HHH000204: Processing PersistenceUnitInfo [name: default]
2023-09-06T14:51:18.980+02:00  INFO 12312 --- [           main] o.h.b.i.BytecodeProviderInitiator        : HHH000021: Bytecode provider name : bytebuddy
2023-09-06T14:51:18.980+02:00  INFO 12312 --- [           main] o.s.o.j.p.SpringPersistenceUnitInfo      : No LoadTimeWeaver setup: ignoring JPA class transformer
2023-09-06T14:51:18.982+02:00  INFO 12312 --- [           main] org.hibernate.orm.dialect                : HHH035001: Using dialect: org.hibernate.dialect.H2Dialect, version: 2.1.214
2023-09-06T14:51:18.996+02:00  INFO 12312 --- [           main] o.h.b.i.BytecodeProviderInitiator        : HHH000021: Bytecode provider name : bytebuddy
2023-09-06T14:51:19.032+02:00  INFO 12312 --- [           main] o.h.e.t.j.p.i.JtaPlatformInitiator       : HHH000490: Using JtaPlatform implementation: [org.hibernate.engine.transaction.jta.platform.internal.NoJtaPlatform]
2023-09-06T14:51:19.038+02:00  INFO 12312 --- [           main] o.h.t.s.i.e.GenerationTargetToDatabase   : HHH000476: Executing script '[injected ScriptSourceInputNonExistentImpl script]'
2023-09-06T14:51:19.038+02:00  INFO 12312 --- [           main] j.LocalContainerEntityManagerFactoryBean : Initialized JPA EntityManagerFactory for persistence unit 'default'
2023-09-06T14:51:19.124+02:00  WARN 12312 --- [           main] JpaBaseConfiguration$JpaWebConfiguration : spring.jpa.open-in-view is enabled by default. Therefore, database queries may be performed during view rendering. Explicitly configure spring.jpa.open-in-view to disable this warning
2023-09-06T14:51:19.212+02:00  INFO 12312 --- [           main] o.s.b.t.m.w.SpringBootMockServletContext : Initializing Spring TestDispatcherServlet ''
2023-09-06T14:51:19.212+02:00  INFO 12312 --- [           main] o.s.t.web.servlet.TestDispatcherServlet  : Initializing Servlet ''
2023-09-06T14:51:19.213+02:00  INFO 12312 --- [           main] o.s.t.web.servlet.TestDispatcherServlet  : Completed initialization in 1 ms
2023-09-06T14:51:19.222+02:00  INFO 12312 --- [           main] c.d.d.c.BooksControllerIntegrationTests  : Started BooksControllerIntegrationTests in 0.631 seconds (process running for 30.725)
2023-09-06T14:51:19.285+02:00  INFO 12312 --- [           main] j.LocalContainerEntityManagerFactoryBean : Closing JPA EntityManagerFactory for persistence unit 'default'
2023-09-06T14:51:19.286+02:00  INFO 12312 --- [           main] .SchemaDropperImpl$DelayedDropActionImpl : HHH000477: Starting delayed evictData of schema as part of SessionFactory shut-down'
2023-09-06T14:51:19.287+02:00  INFO 12312 --- [           main] com.zaxxer.hikari.HikariDataSource       : HikariPool-25 - Shutdown initiated...
2023-09-06T14:51:19.288+02:00  INFO 12312 --- [           main] com.zaxxer.hikari.HikariDataSource       : HikariPool-25 - Shutdown completed.
]]></system-out>
  </testcase>
  <testcase name="testThatDeleteNonExistingBookReturnsHttpStatus204NoContent" classname="com.devtiro.database.controllers.BooksControllerIntegrationTests" time="0.028">
    <system-out><![CDATA[  ____              _                 _____ _____
 |  _ \            | |          /\   |  __ \_   _|
 | |_) | ___   ___ | | _____   /  \  | |__) || |
 |  _ < / _ \ / _ \| |/ / __| / /\ \ |  ___/ | |
 | |_) | (_) | (_) |   <\__ \/ ____ \| |    _| |_
 |____/ \___/ \___/|_|\_\___/_/    \_\_|   |_____|
==================================================

2023-09-06T14:51:19.321+02:00  INFO 12312 --- [           main] c.d.d.c.BooksControllerIntegrationTests  : Starting BooksControllerIntegrationTests using Java 20.0.2 with PID 12312 (started by andri in C:\Users\andri\OneDrive\Desktop\spring\course-spring-boot\10_rest_api\16_pagination\database)
2023-09-06T14:51:19.322+02:00  INFO 12312 --- [           main] c.d.d.c.BooksControllerIntegrationTests  : No active profile set, falling back to 1 default profile: "default"
2023-09-06T14:51:19.484+02:00  INFO 12312 --- [           main] .s.d.r.c.RepositoryConfigurationDelegate : Bootstrapping Spring Data JPA repositories in DEFAULT mode.
2023-09-06T14:51:19.501+02:00  INFO 12312 --- [           main] .s.d.r.c.RepositoryConfigurationDelegate : Finished Spring Data repository scanning in 16 ms. Found 2 JPA repository interfaces.
2023-09-06T14:51:19.558+02:00  INFO 12312 --- [           main] com.zaxxer.hikari.HikariDataSource       : HikariPool-26 - Starting...
2023-09-06T14:51:19.559+02:00  INFO 12312 --- [           main] com.zaxxer.hikari.pool.HikariPool        : HikariPool-26 - Added connection conn247: url=jdbc:h2:mem:testdb user=SA
2023-09-06T14:51:19.559+02:00  INFO 12312 --- [           main] com.zaxxer.hikari.HikariDataSource       : HikariPool-26 - Start completed.
2023-09-06T14:51:19.561+02:00  INFO 12312 --- [           main] o.hibernate.jpa.internal.util.LogHelper  : HHH000204: Processing PersistenceUnitInfo [name: default]
2023-09-06T14:51:19.570+02:00  INFO 12312 --- [           main] o.h.b.i.BytecodeProviderInitiator        : HHH000021: Bytecode provider name : bytebuddy
2023-09-06T14:51:19.570+02:00  INFO 12312 --- [           main] o.s.o.j.p.SpringPersistenceUnitInfo      : No LoadTimeWeaver setup: ignoring JPA class transformer
2023-09-06T14:51:19.572+02:00  INFO 12312 --- [           main] org.hibernate.orm.dialect                : HHH035001: Using dialect: org.hibernate.dialect.H2Dialect, version: 2.1.214
2023-09-06T14:51:19.582+02:00  INFO 12312 --- [           main] o.h.b.i.BytecodeProviderInitiator        : HHH000021: Bytecode provider name : bytebuddy
2023-09-06T14:51:19.612+02:00  INFO 12312 --- [           main] o.h.e.t.j.p.i.JtaPlatformInitiator       : HHH000490: Using JtaPlatform implementation: [org.hibernate.engine.transaction.jta.platform.internal.NoJtaPlatform]
2023-09-06T14:51:19.619+02:00  INFO 12312 --- [           main] o.h.t.s.i.e.GenerationTargetToDatabase   : HHH000476: Executing script '[injected ScriptSourceInputNonExistentImpl script]'
2023-09-06T14:51:19.619+02:00  INFO 12312 --- [           main] j.LocalContainerEntityManagerFactoryBean : Initialized JPA EntityManagerFactory for persistence unit 'default'
2023-09-06T14:51:19.687+02:00  WARN 12312 --- [           main] JpaBaseConfiguration$JpaWebConfiguration : spring.jpa.open-in-view is enabled by default. Therefore, database queries may be performed during view rendering. Explicitly configure spring.jpa.open-in-view to disable this warning
2023-09-06T14:51:19.770+02:00  INFO 12312 --- [           main] o.s.b.t.m.w.SpringBootMockServletContext : Initializing Spring TestDispatcherServlet ''
2023-09-06T14:51:19.771+02:00  INFO 12312 --- [           main] o.s.t.web.servlet.TestDispatcherServlet  : Initializing Servlet ''
2023-09-06T14:51:19.771+02:00  INFO 12312 --- [           main] o.s.t.web.servlet.TestDispatcherServlet  : Completed initialization in 0 ms
2023-09-06T14:51:19.777+02:00  INFO 12312 --- [           main] c.d.d.c.BooksControllerIntegrationTests  : Started BooksControllerIntegrationTests in 0.486 seconds (process running for 31.281)
2023-09-06T14:51:19.791+02:00  INFO 12312 --- [           main] j.LocalContainerEntityManagerFactoryBean : Closing JPA EntityManagerFactory for persistence unit 'default'
2023-09-06T14:51:19.791+02:00  INFO 12312 --- [           main] .SchemaDropperImpl$DelayedDropActionImpl : HHH000477: Starting delayed evictData of schema as part of SessionFactory shut-down'
2023-09-06T14:51:19.793+02:00  INFO 12312 --- [           main] com.zaxxer.hikari.HikariDataSource       : HikariPool-26 - Shutdown initiated...
2023-09-06T14:51:19.808+02:00  INFO 12312 --- [           main] com.zaxxer.hikari.HikariDataSource       : HikariPool-26 - Shutdown completed.
]]></system-out>
  </testcase>
</testsuite>